ARM GAS  C:\Users\Estudi\AppData\Local\Temp\ccJsWED4.s 			page 1


   1              		.cpu cortex-m7
   2              		.eabi_attribute 28, 1
   3              		.eabi_attribute 20, 1
   4              		.eabi_attribute 21, 1
   5              		.eabi_attribute 23, 3
   6              		.eabi_attribute 24, 1
   7              		.eabi_attribute 25, 1
   8              		.eabi_attribute 26, 1
   9              		.eabi_attribute 30, 2
  10              		.eabi_attribute 34, 1
  11              		.eabi_attribute 18, 4
  12              		.file	"OnsetDF.cpp"
  13              		.text
  14              	.Ltext0:
  15              		.cfi_sections	.debug_frame
  16              		.section	.text._ZN7OnsetDF18calculateODFSampleEPf,"ax",%progbits
  17              		.align	1
  18              		.p2align 2,,3
  19              		.global	_ZN7OnsetDF18calculateODFSampleEPf
  20              		.arch armv7e-m
  21              		.syntax unified
  22              		.thumb
  23              		.thumb_func
  24              		.fpu fpv5-d16
  26              	_ZN7OnsetDF18calculateODFSampleEPf:
  27              	.LVL0:
  28              	.LFB976:
  29              		.file 1 "src/OnsetDF.cpp"
   1:src/OnsetDF.cpp **** #include <math.h>
   2:src/OnsetDF.cpp **** #include "OnsetDF.h"
   3:src/OnsetDF.cpp **** 
   4:src/OnsetDF.cpp **** //=================================
   5:src/OnsetDF.cpp **** OnsetDF::OnsetDF(int type_, int wtype_)
   6:src/OnsetDF.cpp **** {
   7:src/OnsetDF.cpp ****     initialised = false;
   8:src/OnsetDF.cpp ****     pi = 3.14159265358979323846264338327950288;
   9:src/OnsetDF.cpp ****     initialise(type_, wtype_);
  10:src/OnsetDF.cpp **** }
  11:src/OnsetDF.cpp **** //=================================
  12:src/OnsetDF.cpp **** void OnsetDF::initialise(int type_, int wtype_)
  13:src/OnsetDF.cpp **** {
  14:src/OnsetDF.cpp ****     odfType = type_;
  15:src/OnsetDF.cpp ****     windowType = wtype_;
  16:src/OnsetDF.cpp ****     initialised = true;
  17:src/OnsetDF.cpp **** 
  18:src/OnsetDF.cpp ****     switch(windowType)
  19:src/OnsetDF.cpp ****     {
  20:src/OnsetDF.cpp ****         case Hanning:
  21:src/OnsetDF.cpp ****             calculateHanningWindow();
  22:src/OnsetDF.cpp ****             break;
  23:src/OnsetDF.cpp ****         case Hamming:
  24:src/OnsetDF.cpp ****             calculateHammingWindow();
  25:src/OnsetDF.cpp ****             break;
  26:src/OnsetDF.cpp ****     }
  27:src/OnsetDF.cpp **** 
  28:src/OnsetDF.cpp ****     
  29:src/OnsetDF.cpp **** }
ARM GAS  C:\Users\Estudi\AppData\Local\Temp\ccJsWED4.s 			page 2


  30:src/OnsetDF.cpp **** //=================================
  31:src/OnsetDF.cpp **** float OnsetDF::calculateODFSample(float* buffer)
  32:src/OnsetDF.cpp **** {
  30              		.loc 1 32 1 view -0
  31              		.cfi_startproc
  32              		@ args = 0, pretend = 0, frame = 0
  33              		@ frame_needed = 0, uses_anonymous_args = 0
  33:src/OnsetDF.cpp ****     if(!initialised)
  34              		.loc 1 33 5 view .LVU1
  35 0000 037E     		ldrb	r3, [r0, #24]	@ zero_extendqisi2
  36 0002 002B     		cmp	r3, #0
  37 0004 43D0     		beq	.L27
  38              	.LVL1:
  39              	.LBB54:
  34:src/OnsetDF.cpp ****     {
  35:src/OnsetDF.cpp ****         return 0.0f;
  36:src/OnsetDF.cpp ****     }
  37:src/OnsetDF.cpp **** 
  38:src/OnsetDF.cpp ****     for(int i = 0; i < framesize; i++)
  40              		.loc 1 38 22 view .LVU2
  41              		.loc 1 38 24 is_stmt 0 view .LVU3
  42 0006 C368     		ldr	r3, [r0, #12]
  43              		.loc 1 38 22 view .LVU4
  44 0008 002B     		cmp	r3, #0
  45              	.LBE54:
  32:src/OnsetDF.cpp ****     if(!initialised)
  46              		.loc 1 32 1 view .LVU5
  47 000a 30B5     		push	{r4, r5, lr}
  48              		.cfi_def_cfa_offset 12
  49              		.cfi_offset 4, -12
  50              		.cfi_offset 5, -8
  51              		.cfi_offset 14, -4
  52              	.LBB55:
  53              		.loc 1 38 22 view .LVU6
  54 000c 27DD     		ble	.L4
  55 000e 00F12004 		add	r4, r0, #32
  56 0012 9D00     		lsls	r5, r3, #2
  57 0014 01EB830E 		add	lr, r1, r3, lsl #2
  58 0018 2246     		mov	r2, r4
  59 001a 2346     		mov	r3, r4
  60              	.LVL2:
  61              	.L6:
  39:src/OnsetDF.cpp ****     {
  40:src/OnsetDF.cpp ****         frame[i] = buffer[i];
  62              		.loc 1 40 9 is_stmt 1 discriminator 2 view .LVU7
  63              		.loc 1 40 28 is_stmt 0 discriminator 2 view .LVU8
  64 001c 51F804CB 		ldr	ip, [r1], #4	@ float
  38:src/OnsetDF.cpp ****     {
  65              		.loc 1 38 22 discriminator 2 view .LVU9
  66 0020 7145     		cmp	r1, lr
  67              		.loc 1 40 18 discriminator 2 view .LVU10
  68 0022 43F804CB 		str	ip, [r3], #4	@ float
  38:src/OnsetDF.cpp ****     {
  69              		.loc 1 38 5 is_stmt 1 discriminator 2 view .LVU11
  38:src/OnsetDF.cpp ****     {
  70              		.loc 1 38 22 discriminator 2 view .LVU12
  71 0026 F9D1     		bne	.L6
ARM GAS  C:\Users\Estudi\AppData\Local\Temp\ccJsWED4.s 			page 3


  72              	.LBE55:
  41:src/OnsetDF.cpp ****     }
  42:src/OnsetDF.cpp **** 
  43:src/OnsetDF.cpp ****     switch(odfType)
  73              		.loc 1 43 5 view .LVU13
  74              		.loc 1 43 12 is_stmt 0 view .LVU14
  75 0028 0369     		ldr	r3, [r0, #16]
  76              		.loc 1 43 5 view .LVU15
  77 002a FBB1     		cbz	r3, .L12
  78 002c 012B     		cmp	r3, #1
  79 002e 1AD1     		bne	.L16
  80 0030 2C44     		add	r4, r4, r5
  81              	.LBB56:
  82              	.LBB57:
  44:src/OnsetDF.cpp ****     {
  45:src/OnsetDF.cpp ****         case EnergyEnvelope:
  46:src/OnsetDF.cpp ****             return energyEnvelope();
  47:src/OnsetDF.cpp ****             break;
  48:src/OnsetDF.cpp ****         case EnergyDifference:
  49:src/OnsetDF.cpp ****             return energyDifference();
  50:src/OnsetDF.cpp ****             break;
  51:src/OnsetDF.cpp ****     }
  52:src/OnsetDF.cpp **** 
  53:src/OnsetDF.cpp ****     return 1.0f;
  54:src/OnsetDF.cpp **** }
  55:src/OnsetDF.cpp **** //=================================
  56:src/OnsetDF.cpp **** void OnsetDF::setODFType(int type_)
  57:src/OnsetDF.cpp **** {
  58:src/OnsetDF.cpp ****     odfType = type_;
  59:src/OnsetDF.cpp **** }
  60:src/OnsetDF.cpp **** //=================================
  61:src/OnsetDF.cpp **** float OnsetDF::energyEnvelope()
  62:src/OnsetDF.cpp **** {
  63:src/OnsetDF.cpp ****     float sum = 0.0f;
  64:src/OnsetDF.cpp ****     for(int i = 0; i < framesize; i++)
  65:src/OnsetDF.cpp ****     {
  66:src/OnsetDF.cpp ****         sum += frame[i] * frame[i];
  67:src/OnsetDF.cpp ****     }
  68:src/OnsetDF.cpp ****     return sqrt(sum);
  69:src/OnsetDF.cpp **** }
  70:src/OnsetDF.cpp **** //=================================
  71:src/OnsetDF.cpp **** float OnsetDF::energyDifference()
  72:src/OnsetDF.cpp **** {
  73:src/OnsetDF.cpp ****     float sum = 0.0f;
  83              		.loc 1 73 11 view .LVU16
  84 0032 9FED1E0A 		vldr.32	s0, .L29
  85              	.L10:
  86              	.LVL3:
  87              	.LBB58:
  74:src/OnsetDF.cpp ****     for(int i = 0; i < framesize; i++)
  75:src/OnsetDF.cpp ****     {
  76:src/OnsetDF.cpp ****         sum += frame[i] * frame[i];
  88              		.loc 1 76 9 is_stmt 1 view .LVU17
  89              		.loc 1 76 25 is_stmt 0 view .LVU18
  90 0036 F2EC017A 		vldmia.32	r2!, {s15}
  74:src/OnsetDF.cpp ****     for(int i = 0; i < framesize; i++)
  91              		.loc 1 74 22 view .LVU19
ARM GAS  C:\Users\Estudi\AppData\Local\Temp\ccJsWED4.s 			page 4


  92 003a A242     		cmp	r2, r4
  93              		.loc 1 76 13 view .LVU20
  94 003c A7EEA70A 		vfma.f32	s0, s15, s15
  95              	.LVL4:
  74:src/OnsetDF.cpp ****     for(int i = 0; i < framesize; i++)
  96              		.loc 1 74 5 is_stmt 1 view .LVU21
  74:src/OnsetDF.cpp ****     for(int i = 0; i < framesize; i++)
  97              		.loc 1 74 22 view .LVU22
  98 0040 F9D1     		bne	.L10
  99              	.LVL5:
 100              	.L15:
  74:src/OnsetDF.cpp ****     for(int i = 0; i < framesize; i++)
 101              		.loc 1 74 22 is_stmt 0 view .LVU23
 102              	.LBE58:
  77:src/OnsetDF.cpp ****     }
  78:src/OnsetDF.cpp ****     float sample = sum - prevEnergySum;
 103              		.loc 1 78 5 is_stmt 1 view .LVU24
 104              		.loc 1 78 11 is_stmt 0 view .LVU25
 105 0042 D0ED077A 		vldr.32	s15, [r0, #28]
  79:src/OnsetDF.cpp ****     prevEnergySum = sum;
 106              		.loc 1 79 19 view .LVU26
 107 0046 80ED070A 		vstr.32	s0, [r0, #28]
  78:src/OnsetDF.cpp ****     prevEnergySum = sum;
 108              		.loc 1 78 11 view .LVU27
 109 004a 30EE670A 		vsub.f32	s0, s0, s15
 110              	.LVL6:
 111              		.loc 1 79 5 is_stmt 1 view .LVU28
  80:src/OnsetDF.cpp ****     if (sample < 0.0f)
 112              		.loc 1 80 5 view .LVU29
 113 004e B5EEC00A 		vcmpe.f32	s0, #0
 114 0052 F1EE10FA 		vmrs	APSR_nzcv, FPSCR
 115 0056 01D5     		bpl	.L1
 116              	.LBE57:
 117              	.LBE56:
  35:src/OnsetDF.cpp ****     }
 118              		.loc 1 35 16 is_stmt 0 view .LVU30
 119 0058 9FED140A 		vldr.32	s0, .L29
 120              	.LVL7:
 121              	.L1:
  54:src/OnsetDF.cpp **** //=================================
 122              		.loc 1 54 1 view .LVU31
 123 005c 30BD     		pop	{r4, r5, pc}
 124              	.LVL8:
 125              	.L4:
  43:src/OnsetDF.cpp ****     {
 126              		.loc 1 43 5 is_stmt 1 view .LVU32
  43:src/OnsetDF.cpp ****     {
 127              		.loc 1 43 12 is_stmt 0 view .LVU33
 128 005e 0369     		ldr	r3, [r0, #16]
  43:src/OnsetDF.cpp ****     {
 129              		.loc 1 43 5 view .LVU34
 130 0060 DBB1     		cbz	r3, .L17
 131 0062 012B     		cmp	r3, #1
 132 0064 16D0     		beq	.L18
 133              	.LVL9:
 134              	.L16:
  53:src/OnsetDF.cpp **** }
ARM GAS  C:\Users\Estudi\AppData\Local\Temp\ccJsWED4.s 			page 5


 135              		.loc 1 53 12 view .LVU35
 136 0066 B7EE000A 		vmov.f32	s0, #1.0e+0
  54:src/OnsetDF.cpp **** //=================================
 137              		.loc 1 54 1 view .LVU36
 138 006a 30BD     		pop	{r4, r5, pc}
 139              	.L12:
  54:src/OnsetDF.cpp **** //=================================
 140              		.loc 1 54 1 view .LVU37
 141 006c 2C44     		add	r4, r4, r5
  43:src/OnsetDF.cpp ****     {
 142              		.loc 1 43 5 view .LVU38
 143 006e 9FED0F7A 		vldr.32	s14, .L29
 144              	.L7:
 145              	.LVL10:
 146              	.LBB59:
 147              	.LBB60:
 148              	.LBB61:
  66:src/OnsetDF.cpp ****     }
 149              		.loc 1 66 9 is_stmt 1 view .LVU39
  66:src/OnsetDF.cpp ****     }
 150              		.loc 1 66 25 is_stmt 0 view .LVU40
 151 0072 F2EC017A 		vldmia.32	r2!, {s15}
  64:src/OnsetDF.cpp ****     {
 152              		.loc 1 64 22 view .LVU41
 153 0076 9442     		cmp	r4, r2
  66:src/OnsetDF.cpp ****     }
 154              		.loc 1 66 13 view .LVU42
 155 0078 A7EEA77A 		vfma.f32	s14, s15, s15
 156              	.LVL11:
  64:src/OnsetDF.cpp ****     {
 157              		.loc 1 64 5 is_stmt 1 view .LVU43
  64:src/OnsetDF.cpp ****     {
 158              		.loc 1 64 22 view .LVU44
 159 007c F9D1     		bne	.L7
 160              	.LBE61:
  68:src/OnsetDF.cpp **** }
 161              		.loc 1 68 5 view .LVU45
 162              	.LVL12:
 163              	.LBB62:
 164              	.LBI62:
 165              		.file 2 "c:\\program files\\daisytoolchain\\arm-none-eabi\\include\\c++\\10.2.1\\cmath"
   1:c:\program files\daisytoolchain\arm-none-eabi\include\c++\10.2.1\cmath **** // -*- C++ -*- C forwarding header.
   2:c:\program files\daisytoolchain\arm-none-eabi\include\c++\10.2.1\cmath **** 
   3:c:\program files\daisytoolchain\arm-none-eabi\include\c++\10.2.1\cmath **** // Copyright (C) 1997-2020 Free Software Foundation, Inc.
   4:c:\program files\daisytoolchain\arm-none-eabi\include\c++\10.2.1\cmath **** //
   5:c:\program files\daisytoolchain\arm-none-eabi\include\c++\10.2.1\cmath **** // This file is part of the GNU ISO C++ Library.  This library is free
   6:c:\program files\daisytoolchain\arm-none-eabi\include\c++\10.2.1\cmath **** // software; you can redistribute it and/or modify it under the
   7:c:\program files\daisytoolchain\arm-none-eabi\include\c++\10.2.1\cmath **** // terms of the GNU General Public License as published by the
   8:c:\program files\daisytoolchain\arm-none-eabi\include\c++\10.2.1\cmath **** // Free Software Foundation; either version 3, or (at your option)
   9:c:\program files\daisytoolchain\arm-none-eabi\include\c++\10.2.1\cmath **** // any later version.
  10:c:\program files\daisytoolchain\arm-none-eabi\include\c++\10.2.1\cmath **** 
  11:c:\program files\daisytoolchain\arm-none-eabi\include\c++\10.2.1\cmath **** // This library is distributed in the hope that it will be useful,
  12:c:\program files\daisytoolchain\arm-none-eabi\include\c++\10.2.1\cmath **** // but WITHOUT ANY WARRANTY; without even the implied warranty of
  13:c:\program files\daisytoolchain\arm-none-eabi\include\c++\10.2.1\cmath **** // MERCHANTABILITY or FITNESS FOR A PARTICULAR PURPOSE.  See the
  14:c:\program files\daisytoolchain\arm-none-eabi\include\c++\10.2.1\cmath **** // GNU General Public License for more details.
  15:c:\program files\daisytoolchain\arm-none-eabi\include\c++\10.2.1\cmath **** 
  16:c:\program files\daisytoolchain\arm-none-eabi\include\c++\10.2.1\cmath **** // Under Section 7 of GPL version 3, you are granted additional
ARM GAS  C:\Users\Estudi\AppData\Local\Temp\ccJsWED4.s 			page 6


  17:c:\program files\daisytoolchain\arm-none-eabi\include\c++\10.2.1\cmath **** // permissions described in the GCC Runtime Library Exception, version
  18:c:\program files\daisytoolchain\arm-none-eabi\include\c++\10.2.1\cmath **** // 3.1, as published by the Free Software Foundation.
  19:c:\program files\daisytoolchain\arm-none-eabi\include\c++\10.2.1\cmath **** 
  20:c:\program files\daisytoolchain\arm-none-eabi\include\c++\10.2.1\cmath **** // You should have received a copy of the GNU General Public License and
  21:c:\program files\daisytoolchain\arm-none-eabi\include\c++\10.2.1\cmath **** // a copy of the GCC Runtime Library Exception along with this program;
  22:c:\program files\daisytoolchain\arm-none-eabi\include\c++\10.2.1\cmath **** // see the files COPYING3 and COPYING.RUNTIME respectively.  If not, see
  23:c:\program files\daisytoolchain\arm-none-eabi\include\c++\10.2.1\cmath **** // <http://www.gnu.org/licenses/>.
  24:c:\program files\daisytoolchain\arm-none-eabi\include\c++\10.2.1\cmath **** 
  25:c:\program files\daisytoolchain\arm-none-eabi\include\c++\10.2.1\cmath **** /** @file include/cmath
  26:c:\program files\daisytoolchain\arm-none-eabi\include\c++\10.2.1\cmath ****  *  This is a Standard C++ Library file.  You should @c \#include this file
  27:c:\program files\daisytoolchain\arm-none-eabi\include\c++\10.2.1\cmath ****  *  in your programs, rather than any of the @a *.h implementation files.
  28:c:\program files\daisytoolchain\arm-none-eabi\include\c++\10.2.1\cmath ****  *
  29:c:\program files\daisytoolchain\arm-none-eabi\include\c++\10.2.1\cmath ****  *  This is the C++ version of the Standard C Library header @c math.h,
  30:c:\program files\daisytoolchain\arm-none-eabi\include\c++\10.2.1\cmath ****  *  and its contents are (mostly) the same as that header, but are all
  31:c:\program files\daisytoolchain\arm-none-eabi\include\c++\10.2.1\cmath ****  *  contained in the namespace @c std (except for names which are defined
  32:c:\program files\daisytoolchain\arm-none-eabi\include\c++\10.2.1\cmath ****  *  as macros in C).
  33:c:\program files\daisytoolchain\arm-none-eabi\include\c++\10.2.1\cmath ****  */
  34:c:\program files\daisytoolchain\arm-none-eabi\include\c++\10.2.1\cmath **** 
  35:c:\program files\daisytoolchain\arm-none-eabi\include\c++\10.2.1\cmath **** //
  36:c:\program files\daisytoolchain\arm-none-eabi\include\c++\10.2.1\cmath **** // ISO C++ 14882: 26.5  C library
  37:c:\program files\daisytoolchain\arm-none-eabi\include\c++\10.2.1\cmath **** //
  38:c:\program files\daisytoolchain\arm-none-eabi\include\c++\10.2.1\cmath **** 
  39:c:\program files\daisytoolchain\arm-none-eabi\include\c++\10.2.1\cmath **** #pragma GCC system_header
  40:c:\program files\daisytoolchain\arm-none-eabi\include\c++\10.2.1\cmath **** 
  41:c:\program files\daisytoolchain\arm-none-eabi\include\c++\10.2.1\cmath **** #include <bits/c++config.h>
  42:c:\program files\daisytoolchain\arm-none-eabi\include\c++\10.2.1\cmath **** #include <bits/cpp_type_traits.h>
  43:c:\program files\daisytoolchain\arm-none-eabi\include\c++\10.2.1\cmath **** #include <ext/type_traits.h>
  44:c:\program files\daisytoolchain\arm-none-eabi\include\c++\10.2.1\cmath **** #define _GLIBCXX_INCLUDE_NEXT_C_HEADERS
  45:c:\program files\daisytoolchain\arm-none-eabi\include\c++\10.2.1\cmath **** #include_next <math.h>
  46:c:\program files\daisytoolchain\arm-none-eabi\include\c++\10.2.1\cmath **** #undef _GLIBCXX_INCLUDE_NEXT_C_HEADERS
  47:c:\program files\daisytoolchain\arm-none-eabi\include\c++\10.2.1\cmath **** #include <bits/std_abs.h>
  48:c:\program files\daisytoolchain\arm-none-eabi\include\c++\10.2.1\cmath **** 
  49:c:\program files\daisytoolchain\arm-none-eabi\include\c++\10.2.1\cmath **** #ifndef _GLIBCXX_CMATH
  50:c:\program files\daisytoolchain\arm-none-eabi\include\c++\10.2.1\cmath **** #define _GLIBCXX_CMATH 1
  51:c:\program files\daisytoolchain\arm-none-eabi\include\c++\10.2.1\cmath **** 
  52:c:\program files\daisytoolchain\arm-none-eabi\include\c++\10.2.1\cmath **** // Get rid of those macros defined in <math.h> in lieu of real functions.
  53:c:\program files\daisytoolchain\arm-none-eabi\include\c++\10.2.1\cmath **** #undef div
  54:c:\program files\daisytoolchain\arm-none-eabi\include\c++\10.2.1\cmath **** #undef acos
  55:c:\program files\daisytoolchain\arm-none-eabi\include\c++\10.2.1\cmath **** #undef asin
  56:c:\program files\daisytoolchain\arm-none-eabi\include\c++\10.2.1\cmath **** #undef atan
  57:c:\program files\daisytoolchain\arm-none-eabi\include\c++\10.2.1\cmath **** #undef atan2
  58:c:\program files\daisytoolchain\arm-none-eabi\include\c++\10.2.1\cmath **** #undef ceil
  59:c:\program files\daisytoolchain\arm-none-eabi\include\c++\10.2.1\cmath **** #undef cos
  60:c:\program files\daisytoolchain\arm-none-eabi\include\c++\10.2.1\cmath **** #undef cosh
  61:c:\program files\daisytoolchain\arm-none-eabi\include\c++\10.2.1\cmath **** #undef exp
  62:c:\program files\daisytoolchain\arm-none-eabi\include\c++\10.2.1\cmath **** #undef fabs
  63:c:\program files\daisytoolchain\arm-none-eabi\include\c++\10.2.1\cmath **** #undef floor
  64:c:\program files\daisytoolchain\arm-none-eabi\include\c++\10.2.1\cmath **** #undef fmod
  65:c:\program files\daisytoolchain\arm-none-eabi\include\c++\10.2.1\cmath **** #undef frexp
  66:c:\program files\daisytoolchain\arm-none-eabi\include\c++\10.2.1\cmath **** #undef ldexp
  67:c:\program files\daisytoolchain\arm-none-eabi\include\c++\10.2.1\cmath **** #undef log
  68:c:\program files\daisytoolchain\arm-none-eabi\include\c++\10.2.1\cmath **** #undef log10
  69:c:\program files\daisytoolchain\arm-none-eabi\include\c++\10.2.1\cmath **** #undef modf
  70:c:\program files\daisytoolchain\arm-none-eabi\include\c++\10.2.1\cmath **** #undef pow
  71:c:\program files\daisytoolchain\arm-none-eabi\include\c++\10.2.1\cmath **** #undef sin
  72:c:\program files\daisytoolchain\arm-none-eabi\include\c++\10.2.1\cmath **** #undef sinh
  73:c:\program files\daisytoolchain\arm-none-eabi\include\c++\10.2.1\cmath **** #undef sqrt
ARM GAS  C:\Users\Estudi\AppData\Local\Temp\ccJsWED4.s 			page 7


  74:c:\program files\daisytoolchain\arm-none-eabi\include\c++\10.2.1\cmath **** #undef tan
  75:c:\program files\daisytoolchain\arm-none-eabi\include\c++\10.2.1\cmath **** #undef tanh
  76:c:\program files\daisytoolchain\arm-none-eabi\include\c++\10.2.1\cmath **** 
  77:c:\program files\daisytoolchain\arm-none-eabi\include\c++\10.2.1\cmath **** extern "C++"
  78:c:\program files\daisytoolchain\arm-none-eabi\include\c++\10.2.1\cmath **** {
  79:c:\program files\daisytoolchain\arm-none-eabi\include\c++\10.2.1\cmath **** namespace std _GLIBCXX_VISIBILITY(default)
  80:c:\program files\daisytoolchain\arm-none-eabi\include\c++\10.2.1\cmath **** {
  81:c:\program files\daisytoolchain\arm-none-eabi\include\c++\10.2.1\cmath **** _GLIBCXX_BEGIN_NAMESPACE_VERSION
  82:c:\program files\daisytoolchain\arm-none-eabi\include\c++\10.2.1\cmath **** 
  83:c:\program files\daisytoolchain\arm-none-eabi\include\c++\10.2.1\cmath ****   using ::acos;
  84:c:\program files\daisytoolchain\arm-none-eabi\include\c++\10.2.1\cmath **** 
  85:c:\program files\daisytoolchain\arm-none-eabi\include\c++\10.2.1\cmath **** #ifndef __CORRECT_ISO_CPP_MATH_H_PROTO
  86:c:\program files\daisytoolchain\arm-none-eabi\include\c++\10.2.1\cmath ****   inline _GLIBCXX_CONSTEXPR float
  87:c:\program files\daisytoolchain\arm-none-eabi\include\c++\10.2.1\cmath ****   acos(float __x)
  88:c:\program files\daisytoolchain\arm-none-eabi\include\c++\10.2.1\cmath ****   { return __builtin_acosf(__x); }
  89:c:\program files\daisytoolchain\arm-none-eabi\include\c++\10.2.1\cmath **** 
  90:c:\program files\daisytoolchain\arm-none-eabi\include\c++\10.2.1\cmath ****   inline _GLIBCXX_CONSTEXPR long double
  91:c:\program files\daisytoolchain\arm-none-eabi\include\c++\10.2.1\cmath ****   acos(long double __x)
  92:c:\program files\daisytoolchain\arm-none-eabi\include\c++\10.2.1\cmath ****   { return __builtin_acosl(__x); }
  93:c:\program files\daisytoolchain\arm-none-eabi\include\c++\10.2.1\cmath **** #endif
  94:c:\program files\daisytoolchain\arm-none-eabi\include\c++\10.2.1\cmath **** 
  95:c:\program files\daisytoolchain\arm-none-eabi\include\c++\10.2.1\cmath ****   template<typename _Tp>
  96:c:\program files\daisytoolchain\arm-none-eabi\include\c++\10.2.1\cmath ****     inline _GLIBCXX_CONSTEXPR
  97:c:\program files\daisytoolchain\arm-none-eabi\include\c++\10.2.1\cmath ****     typename __gnu_cxx::__enable_if<__is_integer<_Tp>::__value, 
  98:c:\program files\daisytoolchain\arm-none-eabi\include\c++\10.2.1\cmath ****                                     double>::__type
  99:c:\program files\daisytoolchain\arm-none-eabi\include\c++\10.2.1\cmath ****     acos(_Tp __x)
 100:c:\program files\daisytoolchain\arm-none-eabi\include\c++\10.2.1\cmath ****     { return __builtin_acos(__x); }
 101:c:\program files\daisytoolchain\arm-none-eabi\include\c++\10.2.1\cmath **** 
 102:c:\program files\daisytoolchain\arm-none-eabi\include\c++\10.2.1\cmath ****   using ::asin;
 103:c:\program files\daisytoolchain\arm-none-eabi\include\c++\10.2.1\cmath **** 
 104:c:\program files\daisytoolchain\arm-none-eabi\include\c++\10.2.1\cmath **** #ifndef __CORRECT_ISO_CPP_MATH_H_PROTO
 105:c:\program files\daisytoolchain\arm-none-eabi\include\c++\10.2.1\cmath ****   inline _GLIBCXX_CONSTEXPR float
 106:c:\program files\daisytoolchain\arm-none-eabi\include\c++\10.2.1\cmath ****   asin(float __x)
 107:c:\program files\daisytoolchain\arm-none-eabi\include\c++\10.2.1\cmath ****   { return __builtin_asinf(__x); }
 108:c:\program files\daisytoolchain\arm-none-eabi\include\c++\10.2.1\cmath **** 
 109:c:\program files\daisytoolchain\arm-none-eabi\include\c++\10.2.1\cmath ****   inline _GLIBCXX_CONSTEXPR long double
 110:c:\program files\daisytoolchain\arm-none-eabi\include\c++\10.2.1\cmath ****   asin(long double __x)
 111:c:\program files\daisytoolchain\arm-none-eabi\include\c++\10.2.1\cmath ****   { return __builtin_asinl(__x); }
 112:c:\program files\daisytoolchain\arm-none-eabi\include\c++\10.2.1\cmath **** #endif
 113:c:\program files\daisytoolchain\arm-none-eabi\include\c++\10.2.1\cmath **** 
 114:c:\program files\daisytoolchain\arm-none-eabi\include\c++\10.2.1\cmath ****   template<typename _Tp>
 115:c:\program files\daisytoolchain\arm-none-eabi\include\c++\10.2.1\cmath ****     inline _GLIBCXX_CONSTEXPR
 116:c:\program files\daisytoolchain\arm-none-eabi\include\c++\10.2.1\cmath ****     typename __gnu_cxx::__enable_if<__is_integer<_Tp>::__value,
 117:c:\program files\daisytoolchain\arm-none-eabi\include\c++\10.2.1\cmath ****                                     double>::__type
 118:c:\program files\daisytoolchain\arm-none-eabi\include\c++\10.2.1\cmath ****     asin(_Tp __x)
 119:c:\program files\daisytoolchain\arm-none-eabi\include\c++\10.2.1\cmath ****     { return __builtin_asin(__x); }
 120:c:\program files\daisytoolchain\arm-none-eabi\include\c++\10.2.1\cmath **** 
 121:c:\program files\daisytoolchain\arm-none-eabi\include\c++\10.2.1\cmath ****   using ::atan;
 122:c:\program files\daisytoolchain\arm-none-eabi\include\c++\10.2.1\cmath **** 
 123:c:\program files\daisytoolchain\arm-none-eabi\include\c++\10.2.1\cmath **** #ifndef __CORRECT_ISO_CPP_MATH_H_PROTO
 124:c:\program files\daisytoolchain\arm-none-eabi\include\c++\10.2.1\cmath ****   inline _GLIBCXX_CONSTEXPR float
 125:c:\program files\daisytoolchain\arm-none-eabi\include\c++\10.2.1\cmath ****   atan(float __x)
 126:c:\program files\daisytoolchain\arm-none-eabi\include\c++\10.2.1\cmath ****   { return __builtin_atanf(__x); }
 127:c:\program files\daisytoolchain\arm-none-eabi\include\c++\10.2.1\cmath **** 
 128:c:\program files\daisytoolchain\arm-none-eabi\include\c++\10.2.1\cmath ****   inline _GLIBCXX_CONSTEXPR long double
 129:c:\program files\daisytoolchain\arm-none-eabi\include\c++\10.2.1\cmath ****   atan(long double __x)
 130:c:\program files\daisytoolchain\arm-none-eabi\include\c++\10.2.1\cmath ****   { return __builtin_atanl(__x); }
ARM GAS  C:\Users\Estudi\AppData\Local\Temp\ccJsWED4.s 			page 8


 131:c:\program files\daisytoolchain\arm-none-eabi\include\c++\10.2.1\cmath **** #endif
 132:c:\program files\daisytoolchain\arm-none-eabi\include\c++\10.2.1\cmath **** 
 133:c:\program files\daisytoolchain\arm-none-eabi\include\c++\10.2.1\cmath ****   template<typename _Tp>
 134:c:\program files\daisytoolchain\arm-none-eabi\include\c++\10.2.1\cmath ****     inline _GLIBCXX_CONSTEXPR
 135:c:\program files\daisytoolchain\arm-none-eabi\include\c++\10.2.1\cmath ****     typename __gnu_cxx::__enable_if<__is_integer<_Tp>::__value,
 136:c:\program files\daisytoolchain\arm-none-eabi\include\c++\10.2.1\cmath ****                                     double>::__type
 137:c:\program files\daisytoolchain\arm-none-eabi\include\c++\10.2.1\cmath ****     atan(_Tp __x)
 138:c:\program files\daisytoolchain\arm-none-eabi\include\c++\10.2.1\cmath ****     { return __builtin_atan(__x); }
 139:c:\program files\daisytoolchain\arm-none-eabi\include\c++\10.2.1\cmath **** 
 140:c:\program files\daisytoolchain\arm-none-eabi\include\c++\10.2.1\cmath ****   using ::atan2;
 141:c:\program files\daisytoolchain\arm-none-eabi\include\c++\10.2.1\cmath **** 
 142:c:\program files\daisytoolchain\arm-none-eabi\include\c++\10.2.1\cmath **** #ifndef __CORRECT_ISO_CPP_MATH_H_PROTO
 143:c:\program files\daisytoolchain\arm-none-eabi\include\c++\10.2.1\cmath ****   inline _GLIBCXX_CONSTEXPR float
 144:c:\program files\daisytoolchain\arm-none-eabi\include\c++\10.2.1\cmath ****   atan2(float __y, float __x)
 145:c:\program files\daisytoolchain\arm-none-eabi\include\c++\10.2.1\cmath ****   { return __builtin_atan2f(__y, __x); }
 146:c:\program files\daisytoolchain\arm-none-eabi\include\c++\10.2.1\cmath **** 
 147:c:\program files\daisytoolchain\arm-none-eabi\include\c++\10.2.1\cmath ****   inline _GLIBCXX_CONSTEXPR long double
 148:c:\program files\daisytoolchain\arm-none-eabi\include\c++\10.2.1\cmath ****   atan2(long double __y, long double __x)
 149:c:\program files\daisytoolchain\arm-none-eabi\include\c++\10.2.1\cmath ****   { return __builtin_atan2l(__y, __x); }
 150:c:\program files\daisytoolchain\arm-none-eabi\include\c++\10.2.1\cmath **** #endif
 151:c:\program files\daisytoolchain\arm-none-eabi\include\c++\10.2.1\cmath **** 
 152:c:\program files\daisytoolchain\arm-none-eabi\include\c++\10.2.1\cmath ****   template<typename _Tp, typename _Up>
 153:c:\program files\daisytoolchain\arm-none-eabi\include\c++\10.2.1\cmath ****     inline _GLIBCXX_CONSTEXPR
 154:c:\program files\daisytoolchain\arm-none-eabi\include\c++\10.2.1\cmath ****     typename __gnu_cxx::__promote_2<_Tp, _Up>::__type
 155:c:\program files\daisytoolchain\arm-none-eabi\include\c++\10.2.1\cmath ****     atan2(_Tp __y, _Up __x)
 156:c:\program files\daisytoolchain\arm-none-eabi\include\c++\10.2.1\cmath ****     {
 157:c:\program files\daisytoolchain\arm-none-eabi\include\c++\10.2.1\cmath ****       typedef typename __gnu_cxx::__promote_2<_Tp, _Up>::__type __type;
 158:c:\program files\daisytoolchain\arm-none-eabi\include\c++\10.2.1\cmath ****       return atan2(__type(__y), __type(__x));
 159:c:\program files\daisytoolchain\arm-none-eabi\include\c++\10.2.1\cmath ****     }
 160:c:\program files\daisytoolchain\arm-none-eabi\include\c++\10.2.1\cmath **** 
 161:c:\program files\daisytoolchain\arm-none-eabi\include\c++\10.2.1\cmath ****   using ::ceil;
 162:c:\program files\daisytoolchain\arm-none-eabi\include\c++\10.2.1\cmath **** 
 163:c:\program files\daisytoolchain\arm-none-eabi\include\c++\10.2.1\cmath **** #ifndef __CORRECT_ISO_CPP_MATH_H_PROTO
 164:c:\program files\daisytoolchain\arm-none-eabi\include\c++\10.2.1\cmath ****   inline _GLIBCXX_CONSTEXPR float
 165:c:\program files\daisytoolchain\arm-none-eabi\include\c++\10.2.1\cmath ****   ceil(float __x)
 166:c:\program files\daisytoolchain\arm-none-eabi\include\c++\10.2.1\cmath ****   { return __builtin_ceilf(__x); }
 167:c:\program files\daisytoolchain\arm-none-eabi\include\c++\10.2.1\cmath **** 
 168:c:\program files\daisytoolchain\arm-none-eabi\include\c++\10.2.1\cmath ****   inline _GLIBCXX_CONSTEXPR long double
 169:c:\program files\daisytoolchain\arm-none-eabi\include\c++\10.2.1\cmath ****   ceil(long double __x)
 170:c:\program files\daisytoolchain\arm-none-eabi\include\c++\10.2.1\cmath ****   { return __builtin_ceill(__x); }
 171:c:\program files\daisytoolchain\arm-none-eabi\include\c++\10.2.1\cmath **** #endif
 172:c:\program files\daisytoolchain\arm-none-eabi\include\c++\10.2.1\cmath **** 
 173:c:\program files\daisytoolchain\arm-none-eabi\include\c++\10.2.1\cmath ****   template<typename _Tp>
 174:c:\program files\daisytoolchain\arm-none-eabi\include\c++\10.2.1\cmath ****     inline _GLIBCXX_CONSTEXPR
 175:c:\program files\daisytoolchain\arm-none-eabi\include\c++\10.2.1\cmath ****     typename __gnu_cxx::__enable_if<__is_integer<_Tp>::__value, 
 176:c:\program files\daisytoolchain\arm-none-eabi\include\c++\10.2.1\cmath ****                                     double>::__type
 177:c:\program files\daisytoolchain\arm-none-eabi\include\c++\10.2.1\cmath ****     ceil(_Tp __x)
 178:c:\program files\daisytoolchain\arm-none-eabi\include\c++\10.2.1\cmath ****     { return __builtin_ceil(__x); }
 179:c:\program files\daisytoolchain\arm-none-eabi\include\c++\10.2.1\cmath **** 
 180:c:\program files\daisytoolchain\arm-none-eabi\include\c++\10.2.1\cmath ****   using ::cos;
 181:c:\program files\daisytoolchain\arm-none-eabi\include\c++\10.2.1\cmath **** 
 182:c:\program files\daisytoolchain\arm-none-eabi\include\c++\10.2.1\cmath **** #ifndef __CORRECT_ISO_CPP_MATH_H_PROTO
 183:c:\program files\daisytoolchain\arm-none-eabi\include\c++\10.2.1\cmath ****   inline _GLIBCXX_CONSTEXPR float
 184:c:\program files\daisytoolchain\arm-none-eabi\include\c++\10.2.1\cmath ****   cos(float __x)
 185:c:\program files\daisytoolchain\arm-none-eabi\include\c++\10.2.1\cmath ****   { return __builtin_cosf(__x); }
 186:c:\program files\daisytoolchain\arm-none-eabi\include\c++\10.2.1\cmath **** 
 187:c:\program files\daisytoolchain\arm-none-eabi\include\c++\10.2.1\cmath ****   inline _GLIBCXX_CONSTEXPR long double
ARM GAS  C:\Users\Estudi\AppData\Local\Temp\ccJsWED4.s 			page 9


 188:c:\program files\daisytoolchain\arm-none-eabi\include\c++\10.2.1\cmath ****   cos(long double __x)
 189:c:\program files\daisytoolchain\arm-none-eabi\include\c++\10.2.1\cmath ****   { return __builtin_cosl(__x); }
 190:c:\program files\daisytoolchain\arm-none-eabi\include\c++\10.2.1\cmath **** #endif
 191:c:\program files\daisytoolchain\arm-none-eabi\include\c++\10.2.1\cmath **** 
 192:c:\program files\daisytoolchain\arm-none-eabi\include\c++\10.2.1\cmath ****   template<typename _Tp>
 193:c:\program files\daisytoolchain\arm-none-eabi\include\c++\10.2.1\cmath ****     inline _GLIBCXX_CONSTEXPR
 194:c:\program files\daisytoolchain\arm-none-eabi\include\c++\10.2.1\cmath ****     typename __gnu_cxx::__enable_if<__is_integer<_Tp>::__value,
 195:c:\program files\daisytoolchain\arm-none-eabi\include\c++\10.2.1\cmath ****                                     double>::__type
 196:c:\program files\daisytoolchain\arm-none-eabi\include\c++\10.2.1\cmath ****     cos(_Tp __x)
 197:c:\program files\daisytoolchain\arm-none-eabi\include\c++\10.2.1\cmath ****     { return __builtin_cos(__x); }
 198:c:\program files\daisytoolchain\arm-none-eabi\include\c++\10.2.1\cmath **** 
 199:c:\program files\daisytoolchain\arm-none-eabi\include\c++\10.2.1\cmath ****   using ::cosh;
 200:c:\program files\daisytoolchain\arm-none-eabi\include\c++\10.2.1\cmath **** 
 201:c:\program files\daisytoolchain\arm-none-eabi\include\c++\10.2.1\cmath **** #ifndef __CORRECT_ISO_CPP_MATH_H_PROTO
 202:c:\program files\daisytoolchain\arm-none-eabi\include\c++\10.2.1\cmath ****   inline _GLIBCXX_CONSTEXPR float
 203:c:\program files\daisytoolchain\arm-none-eabi\include\c++\10.2.1\cmath ****   cosh(float __x)
 204:c:\program files\daisytoolchain\arm-none-eabi\include\c++\10.2.1\cmath ****   { return __builtin_coshf(__x); }
 205:c:\program files\daisytoolchain\arm-none-eabi\include\c++\10.2.1\cmath **** 
 206:c:\program files\daisytoolchain\arm-none-eabi\include\c++\10.2.1\cmath ****   inline _GLIBCXX_CONSTEXPR long double
 207:c:\program files\daisytoolchain\arm-none-eabi\include\c++\10.2.1\cmath ****   cosh(long double __x)
 208:c:\program files\daisytoolchain\arm-none-eabi\include\c++\10.2.1\cmath ****   { return __builtin_coshl(__x); }
 209:c:\program files\daisytoolchain\arm-none-eabi\include\c++\10.2.1\cmath **** #endif
 210:c:\program files\daisytoolchain\arm-none-eabi\include\c++\10.2.1\cmath **** 
 211:c:\program files\daisytoolchain\arm-none-eabi\include\c++\10.2.1\cmath ****   template<typename _Tp>
 212:c:\program files\daisytoolchain\arm-none-eabi\include\c++\10.2.1\cmath ****     inline _GLIBCXX_CONSTEXPR
 213:c:\program files\daisytoolchain\arm-none-eabi\include\c++\10.2.1\cmath ****     typename __gnu_cxx::__enable_if<__is_integer<_Tp>::__value,
 214:c:\program files\daisytoolchain\arm-none-eabi\include\c++\10.2.1\cmath ****                                     double>::__type
 215:c:\program files\daisytoolchain\arm-none-eabi\include\c++\10.2.1\cmath ****     cosh(_Tp __x)
 216:c:\program files\daisytoolchain\arm-none-eabi\include\c++\10.2.1\cmath ****     { return __builtin_cosh(__x); }
 217:c:\program files\daisytoolchain\arm-none-eabi\include\c++\10.2.1\cmath **** 
 218:c:\program files\daisytoolchain\arm-none-eabi\include\c++\10.2.1\cmath ****   using ::exp;
 219:c:\program files\daisytoolchain\arm-none-eabi\include\c++\10.2.1\cmath **** 
 220:c:\program files\daisytoolchain\arm-none-eabi\include\c++\10.2.1\cmath **** #ifndef __CORRECT_ISO_CPP_MATH_H_PROTO
 221:c:\program files\daisytoolchain\arm-none-eabi\include\c++\10.2.1\cmath ****   inline _GLIBCXX_CONSTEXPR float
 222:c:\program files\daisytoolchain\arm-none-eabi\include\c++\10.2.1\cmath ****   exp(float __x)
 223:c:\program files\daisytoolchain\arm-none-eabi\include\c++\10.2.1\cmath ****   { return __builtin_expf(__x); }
 224:c:\program files\daisytoolchain\arm-none-eabi\include\c++\10.2.1\cmath **** 
 225:c:\program files\daisytoolchain\arm-none-eabi\include\c++\10.2.1\cmath ****   inline _GLIBCXX_CONSTEXPR long double
 226:c:\program files\daisytoolchain\arm-none-eabi\include\c++\10.2.1\cmath ****   exp(long double __x)
 227:c:\program files\daisytoolchain\arm-none-eabi\include\c++\10.2.1\cmath ****   { return __builtin_expl(__x); }
 228:c:\program files\daisytoolchain\arm-none-eabi\include\c++\10.2.1\cmath **** #endif
 229:c:\program files\daisytoolchain\arm-none-eabi\include\c++\10.2.1\cmath **** 
 230:c:\program files\daisytoolchain\arm-none-eabi\include\c++\10.2.1\cmath ****   template<typename _Tp>
 231:c:\program files\daisytoolchain\arm-none-eabi\include\c++\10.2.1\cmath ****     inline _GLIBCXX_CONSTEXPR
 232:c:\program files\daisytoolchain\arm-none-eabi\include\c++\10.2.1\cmath ****     typename __gnu_cxx::__enable_if<__is_integer<_Tp>::__value,
 233:c:\program files\daisytoolchain\arm-none-eabi\include\c++\10.2.1\cmath ****                                     double>::__type
 234:c:\program files\daisytoolchain\arm-none-eabi\include\c++\10.2.1\cmath ****     exp(_Tp __x)
 235:c:\program files\daisytoolchain\arm-none-eabi\include\c++\10.2.1\cmath ****     { return __builtin_exp(__x); }
 236:c:\program files\daisytoolchain\arm-none-eabi\include\c++\10.2.1\cmath **** 
 237:c:\program files\daisytoolchain\arm-none-eabi\include\c++\10.2.1\cmath ****   using ::fabs;
 238:c:\program files\daisytoolchain\arm-none-eabi\include\c++\10.2.1\cmath **** 
 239:c:\program files\daisytoolchain\arm-none-eabi\include\c++\10.2.1\cmath **** #ifndef __CORRECT_ISO_CPP_MATH_H_PROTO
 240:c:\program files\daisytoolchain\arm-none-eabi\include\c++\10.2.1\cmath ****   inline _GLIBCXX_CONSTEXPR float
 241:c:\program files\daisytoolchain\arm-none-eabi\include\c++\10.2.1\cmath ****   fabs(float __x)
 242:c:\program files\daisytoolchain\arm-none-eabi\include\c++\10.2.1\cmath ****   { return __builtin_fabsf(__x); }
 243:c:\program files\daisytoolchain\arm-none-eabi\include\c++\10.2.1\cmath **** 
 244:c:\program files\daisytoolchain\arm-none-eabi\include\c++\10.2.1\cmath ****   inline _GLIBCXX_CONSTEXPR long double
ARM GAS  C:\Users\Estudi\AppData\Local\Temp\ccJsWED4.s 			page 10


 245:c:\program files\daisytoolchain\arm-none-eabi\include\c++\10.2.1\cmath ****   fabs(long double __x)
 246:c:\program files\daisytoolchain\arm-none-eabi\include\c++\10.2.1\cmath ****   { return __builtin_fabsl(__x); }
 247:c:\program files\daisytoolchain\arm-none-eabi\include\c++\10.2.1\cmath **** #endif
 248:c:\program files\daisytoolchain\arm-none-eabi\include\c++\10.2.1\cmath **** 
 249:c:\program files\daisytoolchain\arm-none-eabi\include\c++\10.2.1\cmath ****   template<typename _Tp>
 250:c:\program files\daisytoolchain\arm-none-eabi\include\c++\10.2.1\cmath ****     inline _GLIBCXX_CONSTEXPR
 251:c:\program files\daisytoolchain\arm-none-eabi\include\c++\10.2.1\cmath ****     typename __gnu_cxx::__enable_if<__is_integer<_Tp>::__value,
 252:c:\program files\daisytoolchain\arm-none-eabi\include\c++\10.2.1\cmath ****                                     double>::__type
 253:c:\program files\daisytoolchain\arm-none-eabi\include\c++\10.2.1\cmath ****     fabs(_Tp __x)
 254:c:\program files\daisytoolchain\arm-none-eabi\include\c++\10.2.1\cmath ****     { return __builtin_fabs(__x); }
 255:c:\program files\daisytoolchain\arm-none-eabi\include\c++\10.2.1\cmath **** 
 256:c:\program files\daisytoolchain\arm-none-eabi\include\c++\10.2.1\cmath ****   using ::floor;
 257:c:\program files\daisytoolchain\arm-none-eabi\include\c++\10.2.1\cmath **** 
 258:c:\program files\daisytoolchain\arm-none-eabi\include\c++\10.2.1\cmath **** #ifndef __CORRECT_ISO_CPP_MATH_H_PROTO
 259:c:\program files\daisytoolchain\arm-none-eabi\include\c++\10.2.1\cmath ****   inline _GLIBCXX_CONSTEXPR float
 260:c:\program files\daisytoolchain\arm-none-eabi\include\c++\10.2.1\cmath ****   floor(float __x)
 261:c:\program files\daisytoolchain\arm-none-eabi\include\c++\10.2.1\cmath ****   { return __builtin_floorf(__x); }
 262:c:\program files\daisytoolchain\arm-none-eabi\include\c++\10.2.1\cmath **** 
 263:c:\program files\daisytoolchain\arm-none-eabi\include\c++\10.2.1\cmath ****   inline _GLIBCXX_CONSTEXPR long double
 264:c:\program files\daisytoolchain\arm-none-eabi\include\c++\10.2.1\cmath ****   floor(long double __x)
 265:c:\program files\daisytoolchain\arm-none-eabi\include\c++\10.2.1\cmath ****   { return __builtin_floorl(__x); }
 266:c:\program files\daisytoolchain\arm-none-eabi\include\c++\10.2.1\cmath **** #endif
 267:c:\program files\daisytoolchain\arm-none-eabi\include\c++\10.2.1\cmath **** 
 268:c:\program files\daisytoolchain\arm-none-eabi\include\c++\10.2.1\cmath ****   template<typename _Tp>
 269:c:\program files\daisytoolchain\arm-none-eabi\include\c++\10.2.1\cmath ****     inline _GLIBCXX_CONSTEXPR
 270:c:\program files\daisytoolchain\arm-none-eabi\include\c++\10.2.1\cmath ****     typename __gnu_cxx::__enable_if<__is_integer<_Tp>::__value,
 271:c:\program files\daisytoolchain\arm-none-eabi\include\c++\10.2.1\cmath ****                                     double>::__type
 272:c:\program files\daisytoolchain\arm-none-eabi\include\c++\10.2.1\cmath ****     floor(_Tp __x)
 273:c:\program files\daisytoolchain\arm-none-eabi\include\c++\10.2.1\cmath ****     { return __builtin_floor(__x); }
 274:c:\program files\daisytoolchain\arm-none-eabi\include\c++\10.2.1\cmath **** 
 275:c:\program files\daisytoolchain\arm-none-eabi\include\c++\10.2.1\cmath ****   using ::fmod;
 276:c:\program files\daisytoolchain\arm-none-eabi\include\c++\10.2.1\cmath **** 
 277:c:\program files\daisytoolchain\arm-none-eabi\include\c++\10.2.1\cmath **** #ifndef __CORRECT_ISO_CPP_MATH_H_PROTO
 278:c:\program files\daisytoolchain\arm-none-eabi\include\c++\10.2.1\cmath ****   inline _GLIBCXX_CONSTEXPR float
 279:c:\program files\daisytoolchain\arm-none-eabi\include\c++\10.2.1\cmath ****   fmod(float __x, float __y)
 280:c:\program files\daisytoolchain\arm-none-eabi\include\c++\10.2.1\cmath ****   { return __builtin_fmodf(__x, __y); }
 281:c:\program files\daisytoolchain\arm-none-eabi\include\c++\10.2.1\cmath **** 
 282:c:\program files\daisytoolchain\arm-none-eabi\include\c++\10.2.1\cmath ****   inline _GLIBCXX_CONSTEXPR long double
 283:c:\program files\daisytoolchain\arm-none-eabi\include\c++\10.2.1\cmath ****   fmod(long double __x, long double __y)
 284:c:\program files\daisytoolchain\arm-none-eabi\include\c++\10.2.1\cmath ****   { return __builtin_fmodl(__x, __y); }
 285:c:\program files\daisytoolchain\arm-none-eabi\include\c++\10.2.1\cmath **** #endif
 286:c:\program files\daisytoolchain\arm-none-eabi\include\c++\10.2.1\cmath **** 
 287:c:\program files\daisytoolchain\arm-none-eabi\include\c++\10.2.1\cmath ****   template<typename _Tp, typename _Up>
 288:c:\program files\daisytoolchain\arm-none-eabi\include\c++\10.2.1\cmath ****     inline _GLIBCXX_CONSTEXPR
 289:c:\program files\daisytoolchain\arm-none-eabi\include\c++\10.2.1\cmath ****     typename __gnu_cxx::__promote_2<_Tp, _Up>::__type
 290:c:\program files\daisytoolchain\arm-none-eabi\include\c++\10.2.1\cmath ****     fmod(_Tp __x, _Up __y)
 291:c:\program files\daisytoolchain\arm-none-eabi\include\c++\10.2.1\cmath ****     {
 292:c:\program files\daisytoolchain\arm-none-eabi\include\c++\10.2.1\cmath ****       typedef typename __gnu_cxx::__promote_2<_Tp, _Up>::__type __type;
 293:c:\program files\daisytoolchain\arm-none-eabi\include\c++\10.2.1\cmath ****       return fmod(__type(__x), __type(__y));
 294:c:\program files\daisytoolchain\arm-none-eabi\include\c++\10.2.1\cmath ****     }
 295:c:\program files\daisytoolchain\arm-none-eabi\include\c++\10.2.1\cmath **** 
 296:c:\program files\daisytoolchain\arm-none-eabi\include\c++\10.2.1\cmath ****   using ::frexp;
 297:c:\program files\daisytoolchain\arm-none-eabi\include\c++\10.2.1\cmath **** 
 298:c:\program files\daisytoolchain\arm-none-eabi\include\c++\10.2.1\cmath **** #ifndef __CORRECT_ISO_CPP_MATH_H_PROTO
 299:c:\program files\daisytoolchain\arm-none-eabi\include\c++\10.2.1\cmath ****   inline float
 300:c:\program files\daisytoolchain\arm-none-eabi\include\c++\10.2.1\cmath ****   frexp(float __x, int* __exp)
 301:c:\program files\daisytoolchain\arm-none-eabi\include\c++\10.2.1\cmath ****   { return __builtin_frexpf(__x, __exp); }
ARM GAS  C:\Users\Estudi\AppData\Local\Temp\ccJsWED4.s 			page 11


 302:c:\program files\daisytoolchain\arm-none-eabi\include\c++\10.2.1\cmath **** 
 303:c:\program files\daisytoolchain\arm-none-eabi\include\c++\10.2.1\cmath ****   inline long double
 304:c:\program files\daisytoolchain\arm-none-eabi\include\c++\10.2.1\cmath ****   frexp(long double __x, int* __exp)
 305:c:\program files\daisytoolchain\arm-none-eabi\include\c++\10.2.1\cmath ****   { return __builtin_frexpl(__x, __exp); }
 306:c:\program files\daisytoolchain\arm-none-eabi\include\c++\10.2.1\cmath **** #endif
 307:c:\program files\daisytoolchain\arm-none-eabi\include\c++\10.2.1\cmath **** 
 308:c:\program files\daisytoolchain\arm-none-eabi\include\c++\10.2.1\cmath ****   template<typename _Tp>
 309:c:\program files\daisytoolchain\arm-none-eabi\include\c++\10.2.1\cmath ****     inline _GLIBCXX_CONSTEXPR
 310:c:\program files\daisytoolchain\arm-none-eabi\include\c++\10.2.1\cmath ****     typename __gnu_cxx::__enable_if<__is_integer<_Tp>::__value, 
 311:c:\program files\daisytoolchain\arm-none-eabi\include\c++\10.2.1\cmath ****                                     double>::__type
 312:c:\program files\daisytoolchain\arm-none-eabi\include\c++\10.2.1\cmath ****     frexp(_Tp __x, int* __exp)
 313:c:\program files\daisytoolchain\arm-none-eabi\include\c++\10.2.1\cmath ****     { return __builtin_frexp(__x, __exp); }
 314:c:\program files\daisytoolchain\arm-none-eabi\include\c++\10.2.1\cmath **** 
 315:c:\program files\daisytoolchain\arm-none-eabi\include\c++\10.2.1\cmath ****   using ::ldexp;
 316:c:\program files\daisytoolchain\arm-none-eabi\include\c++\10.2.1\cmath **** 
 317:c:\program files\daisytoolchain\arm-none-eabi\include\c++\10.2.1\cmath **** #ifndef __CORRECT_ISO_CPP_MATH_H_PROTO
 318:c:\program files\daisytoolchain\arm-none-eabi\include\c++\10.2.1\cmath ****   inline _GLIBCXX_CONSTEXPR float
 319:c:\program files\daisytoolchain\arm-none-eabi\include\c++\10.2.1\cmath ****   ldexp(float __x, int __exp)
 320:c:\program files\daisytoolchain\arm-none-eabi\include\c++\10.2.1\cmath ****   { return __builtin_ldexpf(__x, __exp); }
 321:c:\program files\daisytoolchain\arm-none-eabi\include\c++\10.2.1\cmath **** 
 322:c:\program files\daisytoolchain\arm-none-eabi\include\c++\10.2.1\cmath ****   inline _GLIBCXX_CONSTEXPR long double
 323:c:\program files\daisytoolchain\arm-none-eabi\include\c++\10.2.1\cmath ****   ldexp(long double __x, int __exp)
 324:c:\program files\daisytoolchain\arm-none-eabi\include\c++\10.2.1\cmath ****   { return __builtin_ldexpl(__x, __exp); }
 325:c:\program files\daisytoolchain\arm-none-eabi\include\c++\10.2.1\cmath **** #endif
 326:c:\program files\daisytoolchain\arm-none-eabi\include\c++\10.2.1\cmath **** 
 327:c:\program files\daisytoolchain\arm-none-eabi\include\c++\10.2.1\cmath ****   template<typename _Tp>
 328:c:\program files\daisytoolchain\arm-none-eabi\include\c++\10.2.1\cmath ****     inline _GLIBCXX_CONSTEXPR
 329:c:\program files\daisytoolchain\arm-none-eabi\include\c++\10.2.1\cmath ****     typename __gnu_cxx::__enable_if<__is_integer<_Tp>::__value, 
 330:c:\program files\daisytoolchain\arm-none-eabi\include\c++\10.2.1\cmath ****                                     double>::__type
 331:c:\program files\daisytoolchain\arm-none-eabi\include\c++\10.2.1\cmath ****     ldexp(_Tp __x, int __exp)
 332:c:\program files\daisytoolchain\arm-none-eabi\include\c++\10.2.1\cmath ****     { return __builtin_ldexp(__x, __exp); }
 333:c:\program files\daisytoolchain\arm-none-eabi\include\c++\10.2.1\cmath **** 
 334:c:\program files\daisytoolchain\arm-none-eabi\include\c++\10.2.1\cmath ****   using ::log;
 335:c:\program files\daisytoolchain\arm-none-eabi\include\c++\10.2.1\cmath **** 
 336:c:\program files\daisytoolchain\arm-none-eabi\include\c++\10.2.1\cmath **** #ifndef __CORRECT_ISO_CPP_MATH_H_PROTO
 337:c:\program files\daisytoolchain\arm-none-eabi\include\c++\10.2.1\cmath ****   inline _GLIBCXX_CONSTEXPR float
 338:c:\program files\daisytoolchain\arm-none-eabi\include\c++\10.2.1\cmath ****   log(float __x)
 339:c:\program files\daisytoolchain\arm-none-eabi\include\c++\10.2.1\cmath ****   { return __builtin_logf(__x); }
 340:c:\program files\daisytoolchain\arm-none-eabi\include\c++\10.2.1\cmath **** 
 341:c:\program files\daisytoolchain\arm-none-eabi\include\c++\10.2.1\cmath ****   inline _GLIBCXX_CONSTEXPR long double
 342:c:\program files\daisytoolchain\arm-none-eabi\include\c++\10.2.1\cmath ****   log(long double __x)
 343:c:\program files\daisytoolchain\arm-none-eabi\include\c++\10.2.1\cmath ****   { return __builtin_logl(__x); }
 344:c:\program files\daisytoolchain\arm-none-eabi\include\c++\10.2.1\cmath **** #endif
 345:c:\program files\daisytoolchain\arm-none-eabi\include\c++\10.2.1\cmath **** 
 346:c:\program files\daisytoolchain\arm-none-eabi\include\c++\10.2.1\cmath ****   template<typename _Tp>
 347:c:\program files\daisytoolchain\arm-none-eabi\include\c++\10.2.1\cmath ****     inline _GLIBCXX_CONSTEXPR
 348:c:\program files\daisytoolchain\arm-none-eabi\include\c++\10.2.1\cmath ****     typename __gnu_cxx::__enable_if<__is_integer<_Tp>::__value, 
 349:c:\program files\daisytoolchain\arm-none-eabi\include\c++\10.2.1\cmath ****                                     double>::__type
 350:c:\program files\daisytoolchain\arm-none-eabi\include\c++\10.2.1\cmath ****     log(_Tp __x)
 351:c:\program files\daisytoolchain\arm-none-eabi\include\c++\10.2.1\cmath ****     { return __builtin_log(__x); }
 352:c:\program files\daisytoolchain\arm-none-eabi\include\c++\10.2.1\cmath **** 
 353:c:\program files\daisytoolchain\arm-none-eabi\include\c++\10.2.1\cmath ****   using ::log10;
 354:c:\program files\daisytoolchain\arm-none-eabi\include\c++\10.2.1\cmath **** 
 355:c:\program files\daisytoolchain\arm-none-eabi\include\c++\10.2.1\cmath **** #ifndef __CORRECT_ISO_CPP_MATH_H_PROTO
 356:c:\program files\daisytoolchain\arm-none-eabi\include\c++\10.2.1\cmath ****   inline _GLIBCXX_CONSTEXPR float
 357:c:\program files\daisytoolchain\arm-none-eabi\include\c++\10.2.1\cmath ****   log10(float __x)
 358:c:\program files\daisytoolchain\arm-none-eabi\include\c++\10.2.1\cmath ****   { return __builtin_log10f(__x); }
ARM GAS  C:\Users\Estudi\AppData\Local\Temp\ccJsWED4.s 			page 12


 359:c:\program files\daisytoolchain\arm-none-eabi\include\c++\10.2.1\cmath **** 
 360:c:\program files\daisytoolchain\arm-none-eabi\include\c++\10.2.1\cmath ****   inline _GLIBCXX_CONSTEXPR long double
 361:c:\program files\daisytoolchain\arm-none-eabi\include\c++\10.2.1\cmath ****   log10(long double __x)
 362:c:\program files\daisytoolchain\arm-none-eabi\include\c++\10.2.1\cmath ****   { return __builtin_log10l(__x); }
 363:c:\program files\daisytoolchain\arm-none-eabi\include\c++\10.2.1\cmath **** #endif
 364:c:\program files\daisytoolchain\arm-none-eabi\include\c++\10.2.1\cmath **** 
 365:c:\program files\daisytoolchain\arm-none-eabi\include\c++\10.2.1\cmath ****   template<typename _Tp>
 366:c:\program files\daisytoolchain\arm-none-eabi\include\c++\10.2.1\cmath ****     inline _GLIBCXX_CONSTEXPR
 367:c:\program files\daisytoolchain\arm-none-eabi\include\c++\10.2.1\cmath ****     typename __gnu_cxx::__enable_if<__is_integer<_Tp>::__value,
 368:c:\program files\daisytoolchain\arm-none-eabi\include\c++\10.2.1\cmath ****                                     double>::__type
 369:c:\program files\daisytoolchain\arm-none-eabi\include\c++\10.2.1\cmath ****     log10(_Tp __x)
 370:c:\program files\daisytoolchain\arm-none-eabi\include\c++\10.2.1\cmath ****     { return __builtin_log10(__x); }
 371:c:\program files\daisytoolchain\arm-none-eabi\include\c++\10.2.1\cmath **** 
 372:c:\program files\daisytoolchain\arm-none-eabi\include\c++\10.2.1\cmath ****   using ::modf;
 373:c:\program files\daisytoolchain\arm-none-eabi\include\c++\10.2.1\cmath **** 
 374:c:\program files\daisytoolchain\arm-none-eabi\include\c++\10.2.1\cmath **** #ifndef __CORRECT_ISO_CPP_MATH_H_PROTO
 375:c:\program files\daisytoolchain\arm-none-eabi\include\c++\10.2.1\cmath ****   inline float
 376:c:\program files\daisytoolchain\arm-none-eabi\include\c++\10.2.1\cmath ****   modf(float __x, float* __iptr)
 377:c:\program files\daisytoolchain\arm-none-eabi\include\c++\10.2.1\cmath ****   { return __builtin_modff(__x, __iptr); }
 378:c:\program files\daisytoolchain\arm-none-eabi\include\c++\10.2.1\cmath **** 
 379:c:\program files\daisytoolchain\arm-none-eabi\include\c++\10.2.1\cmath ****   inline long double
 380:c:\program files\daisytoolchain\arm-none-eabi\include\c++\10.2.1\cmath ****   modf(long double __x, long double* __iptr)
 381:c:\program files\daisytoolchain\arm-none-eabi\include\c++\10.2.1\cmath ****   { return __builtin_modfl(__x, __iptr); }
 382:c:\program files\daisytoolchain\arm-none-eabi\include\c++\10.2.1\cmath **** #endif
 383:c:\program files\daisytoolchain\arm-none-eabi\include\c++\10.2.1\cmath **** 
 384:c:\program files\daisytoolchain\arm-none-eabi\include\c++\10.2.1\cmath ****   using ::pow;
 385:c:\program files\daisytoolchain\arm-none-eabi\include\c++\10.2.1\cmath **** 
 386:c:\program files\daisytoolchain\arm-none-eabi\include\c++\10.2.1\cmath **** #ifndef __CORRECT_ISO_CPP_MATH_H_PROTO
 387:c:\program files\daisytoolchain\arm-none-eabi\include\c++\10.2.1\cmath ****   inline _GLIBCXX_CONSTEXPR float
 388:c:\program files\daisytoolchain\arm-none-eabi\include\c++\10.2.1\cmath ****   pow(float __x, float __y)
 389:c:\program files\daisytoolchain\arm-none-eabi\include\c++\10.2.1\cmath ****   { return __builtin_powf(__x, __y); }
 390:c:\program files\daisytoolchain\arm-none-eabi\include\c++\10.2.1\cmath **** 
 391:c:\program files\daisytoolchain\arm-none-eabi\include\c++\10.2.1\cmath ****   inline _GLIBCXX_CONSTEXPR long double
 392:c:\program files\daisytoolchain\arm-none-eabi\include\c++\10.2.1\cmath ****   pow(long double __x, long double __y)
 393:c:\program files\daisytoolchain\arm-none-eabi\include\c++\10.2.1\cmath ****   { return __builtin_powl(__x, __y); }
 394:c:\program files\daisytoolchain\arm-none-eabi\include\c++\10.2.1\cmath **** 
 395:c:\program files\daisytoolchain\arm-none-eabi\include\c++\10.2.1\cmath **** #if __cplusplus < 201103L
 396:c:\program files\daisytoolchain\arm-none-eabi\include\c++\10.2.1\cmath ****   // _GLIBCXX_RESOLVE_LIB_DEFECTS
 397:c:\program files\daisytoolchain\arm-none-eabi\include\c++\10.2.1\cmath ****   // DR 550. What should the return type of pow(float,int) be?
 398:c:\program files\daisytoolchain\arm-none-eabi\include\c++\10.2.1\cmath ****   inline double
 399:c:\program files\daisytoolchain\arm-none-eabi\include\c++\10.2.1\cmath ****   pow(double __x, int __i)
 400:c:\program files\daisytoolchain\arm-none-eabi\include\c++\10.2.1\cmath ****   { return __builtin_powi(__x, __i); }
 401:c:\program files\daisytoolchain\arm-none-eabi\include\c++\10.2.1\cmath **** 
 402:c:\program files\daisytoolchain\arm-none-eabi\include\c++\10.2.1\cmath ****   inline float
 403:c:\program files\daisytoolchain\arm-none-eabi\include\c++\10.2.1\cmath ****   pow(float __x, int __n)
 404:c:\program files\daisytoolchain\arm-none-eabi\include\c++\10.2.1\cmath ****   { return __builtin_powif(__x, __n); }
 405:c:\program files\daisytoolchain\arm-none-eabi\include\c++\10.2.1\cmath **** 
 406:c:\program files\daisytoolchain\arm-none-eabi\include\c++\10.2.1\cmath ****   inline long double
 407:c:\program files\daisytoolchain\arm-none-eabi\include\c++\10.2.1\cmath ****   pow(long double __x, int __n)
 408:c:\program files\daisytoolchain\arm-none-eabi\include\c++\10.2.1\cmath ****   { return __builtin_powil(__x, __n); }
 409:c:\program files\daisytoolchain\arm-none-eabi\include\c++\10.2.1\cmath **** #endif
 410:c:\program files\daisytoolchain\arm-none-eabi\include\c++\10.2.1\cmath **** #endif
 411:c:\program files\daisytoolchain\arm-none-eabi\include\c++\10.2.1\cmath **** 
 412:c:\program files\daisytoolchain\arm-none-eabi\include\c++\10.2.1\cmath ****   template<typename _Tp, typename _Up>
 413:c:\program files\daisytoolchain\arm-none-eabi\include\c++\10.2.1\cmath ****     inline _GLIBCXX_CONSTEXPR
 414:c:\program files\daisytoolchain\arm-none-eabi\include\c++\10.2.1\cmath ****     typename __gnu_cxx::__promote_2<_Tp, _Up>::__type
 415:c:\program files\daisytoolchain\arm-none-eabi\include\c++\10.2.1\cmath ****     pow(_Tp __x, _Up __y)
ARM GAS  C:\Users\Estudi\AppData\Local\Temp\ccJsWED4.s 			page 13


 416:c:\program files\daisytoolchain\arm-none-eabi\include\c++\10.2.1\cmath ****     {
 417:c:\program files\daisytoolchain\arm-none-eabi\include\c++\10.2.1\cmath ****       typedef typename __gnu_cxx::__promote_2<_Tp, _Up>::__type __type;
 418:c:\program files\daisytoolchain\arm-none-eabi\include\c++\10.2.1\cmath ****       return pow(__type(__x), __type(__y));
 419:c:\program files\daisytoolchain\arm-none-eabi\include\c++\10.2.1\cmath ****     }
 420:c:\program files\daisytoolchain\arm-none-eabi\include\c++\10.2.1\cmath **** 
 421:c:\program files\daisytoolchain\arm-none-eabi\include\c++\10.2.1\cmath ****   using ::sin;
 422:c:\program files\daisytoolchain\arm-none-eabi\include\c++\10.2.1\cmath **** 
 423:c:\program files\daisytoolchain\arm-none-eabi\include\c++\10.2.1\cmath **** #ifndef __CORRECT_ISO_CPP_MATH_H_PROTO
 424:c:\program files\daisytoolchain\arm-none-eabi\include\c++\10.2.1\cmath ****   inline _GLIBCXX_CONSTEXPR float
 425:c:\program files\daisytoolchain\arm-none-eabi\include\c++\10.2.1\cmath ****   sin(float __x)
 426:c:\program files\daisytoolchain\arm-none-eabi\include\c++\10.2.1\cmath ****   { return __builtin_sinf(__x); }
 427:c:\program files\daisytoolchain\arm-none-eabi\include\c++\10.2.1\cmath **** 
 428:c:\program files\daisytoolchain\arm-none-eabi\include\c++\10.2.1\cmath ****   inline _GLIBCXX_CONSTEXPR long double
 429:c:\program files\daisytoolchain\arm-none-eabi\include\c++\10.2.1\cmath ****   sin(long double __x)
 430:c:\program files\daisytoolchain\arm-none-eabi\include\c++\10.2.1\cmath ****   { return __builtin_sinl(__x); }
 431:c:\program files\daisytoolchain\arm-none-eabi\include\c++\10.2.1\cmath **** #endif
 432:c:\program files\daisytoolchain\arm-none-eabi\include\c++\10.2.1\cmath **** 
 433:c:\program files\daisytoolchain\arm-none-eabi\include\c++\10.2.1\cmath ****   template<typename _Tp>
 434:c:\program files\daisytoolchain\arm-none-eabi\include\c++\10.2.1\cmath ****     inline _GLIBCXX_CONSTEXPR
 435:c:\program files\daisytoolchain\arm-none-eabi\include\c++\10.2.1\cmath ****     typename __gnu_cxx::__enable_if<__is_integer<_Tp>::__value, 
 436:c:\program files\daisytoolchain\arm-none-eabi\include\c++\10.2.1\cmath ****                                     double>::__type
 437:c:\program files\daisytoolchain\arm-none-eabi\include\c++\10.2.1\cmath ****     sin(_Tp __x)
 438:c:\program files\daisytoolchain\arm-none-eabi\include\c++\10.2.1\cmath ****     { return __builtin_sin(__x); }
 439:c:\program files\daisytoolchain\arm-none-eabi\include\c++\10.2.1\cmath **** 
 440:c:\program files\daisytoolchain\arm-none-eabi\include\c++\10.2.1\cmath ****   using ::sinh;
 441:c:\program files\daisytoolchain\arm-none-eabi\include\c++\10.2.1\cmath **** 
 442:c:\program files\daisytoolchain\arm-none-eabi\include\c++\10.2.1\cmath **** #ifndef __CORRECT_ISO_CPP_MATH_H_PROTO
 443:c:\program files\daisytoolchain\arm-none-eabi\include\c++\10.2.1\cmath ****   inline _GLIBCXX_CONSTEXPR float
 444:c:\program files\daisytoolchain\arm-none-eabi\include\c++\10.2.1\cmath ****   sinh(float __x)
 445:c:\program files\daisytoolchain\arm-none-eabi\include\c++\10.2.1\cmath ****   { return __builtin_sinhf(__x); }
 446:c:\program files\daisytoolchain\arm-none-eabi\include\c++\10.2.1\cmath **** 
 447:c:\program files\daisytoolchain\arm-none-eabi\include\c++\10.2.1\cmath ****   inline _GLIBCXX_CONSTEXPR long double
 448:c:\program files\daisytoolchain\arm-none-eabi\include\c++\10.2.1\cmath ****   sinh(long double __x)
 449:c:\program files\daisytoolchain\arm-none-eabi\include\c++\10.2.1\cmath ****   { return __builtin_sinhl(__x); }
 450:c:\program files\daisytoolchain\arm-none-eabi\include\c++\10.2.1\cmath **** #endif
 451:c:\program files\daisytoolchain\arm-none-eabi\include\c++\10.2.1\cmath **** 
 452:c:\program files\daisytoolchain\arm-none-eabi\include\c++\10.2.1\cmath ****   template<typename _Tp>
 453:c:\program files\daisytoolchain\arm-none-eabi\include\c++\10.2.1\cmath ****     inline _GLIBCXX_CONSTEXPR
 454:c:\program files\daisytoolchain\arm-none-eabi\include\c++\10.2.1\cmath ****     typename __gnu_cxx::__enable_if<__is_integer<_Tp>::__value, 
 455:c:\program files\daisytoolchain\arm-none-eabi\include\c++\10.2.1\cmath ****                                     double>::__type
 456:c:\program files\daisytoolchain\arm-none-eabi\include\c++\10.2.1\cmath ****     sinh(_Tp __x)
 457:c:\program files\daisytoolchain\arm-none-eabi\include\c++\10.2.1\cmath ****     { return __builtin_sinh(__x); }
 458:c:\program files\daisytoolchain\arm-none-eabi\include\c++\10.2.1\cmath **** 
 459:c:\program files\daisytoolchain\arm-none-eabi\include\c++\10.2.1\cmath ****   using ::sqrt;
 460:c:\program files\daisytoolchain\arm-none-eabi\include\c++\10.2.1\cmath **** 
 461:c:\program files\daisytoolchain\arm-none-eabi\include\c++\10.2.1\cmath **** #ifndef __CORRECT_ISO_CPP_MATH_H_PROTO
 462:c:\program files\daisytoolchain\arm-none-eabi\include\c++\10.2.1\cmath ****   inline _GLIBCXX_CONSTEXPR float
 463:c:\program files\daisytoolchain\arm-none-eabi\include\c++\10.2.1\cmath ****   sqrt(float __x)
 166              		.loc 2 463 3 view .LVU46
 167              	.LBB63:
 464:c:\program files\daisytoolchain\arm-none-eabi\include\c++\10.2.1\cmath ****   { return __builtin_sqrtf(__x); }
 168              		.loc 2 464 5 view .LVU47
 169 007e B5EE407A 		vcmp.f32	s14, #0
 170 0082 F1EE10FA 		vmrs	APSR_nzcv, FPSCR
 171 0086 0BD4     		bmi	.L28
 172              	.LVL13:
 173              	.L14:
ARM GAS  C:\Users\Estudi\AppData\Local\Temp\ccJsWED4.s 			page 14


 174              		.loc 2 464 27 is_stmt 0 view .LVU48
 175 0088 B1EEC70A 		vsqrt.f32	s0, s14
 176              	.LBE63:
 177              	.LBE62:
 178              	.LBE60:
 179              	.LBE59:
  54:src/OnsetDF.cpp **** //=================================
 180              		.loc 1 54 1 view .LVU49
 181 008c 30BD     		pop	{r4, r5, pc}
 182              	.LVL14:
 183              	.L27:
 184              		.cfi_def_cfa_offset 0
 185              		.cfi_restore 4
 186              		.cfi_restore 5
 187              		.cfi_restore 14
  35:src/OnsetDF.cpp ****     }
 188              		.loc 1 35 16 view .LVU50
 189 008e 9FED070A 		vldr.32	s0, .L29
  54:src/OnsetDF.cpp **** //=================================
 190              		.loc 1 54 1 view .LVU51
 191 0092 7047     		bx	lr
 192              	.LVL15:
 193              	.L18:
 194              		.cfi_def_cfa_offset 12
 195              		.cfi_offset 4, -12
 196              		.cfi_offset 5, -8
 197              		.cfi_offset 14, -4
  43:src/OnsetDF.cpp ****     {
 198              		.loc 1 43 5 view .LVU52
 199 0094 9FED050A 		vldr.32	s0, .L29
 200 0098 D3E7     		b	.L15
 201              	.L17:
 202 009a 9FED047A 		vldr.32	s14, .L29
 203 009e F3E7     		b	.L14
 204              	.LVL16:
 205              	.L28:
 206              	.LBB70:
 207              	.LBB68:
 208              	.LBB66:
 209              	.LBB64:
 210              		.loc 2 464 27 view .LVU53
 211 00a0 B0EE470A 		vmov.f32	s0, s14
 212              	.LBE64:
 213              	.LBE66:
 214              	.LBE68:
 215              	.LBE70:
  54:src/OnsetDF.cpp **** //=================================
 216              		.loc 1 54 1 view .LVU54
 217 00a4 BDE83040 		pop	{r4, r5, lr}
 218              		.cfi_restore 14
 219              		.cfi_restore 5
 220              		.cfi_restore 4
 221              		.cfi_def_cfa_offset 0
 222              	.LBB71:
 223              	.LBB69:
 224              	.LBB67:
 225              	.LBB65:
ARM GAS  C:\Users\Estudi\AppData\Local\Temp\ccJsWED4.s 			page 15


 226              		.loc 2 464 27 view .LVU55
 227 00a8 FFF7FEBF 		b	sqrtf
 228              	.LVL17:
 229              	.L30:
 230              		.loc 2 464 27 view .LVU56
 231              		.align	2
 232              	.L29:
 233 00ac 00000000 		.word	0
 234              	.LBE65:
 235              	.LBE67:
 236              	.LBE69:
 237              	.LBE71:
 238              		.cfi_endproc
 239              	.LFE976:
 241              		.section	.text._ZN7OnsetDF10setODFTypeEi,"ax",%progbits
 242              		.align	1
 243              		.p2align 2,,3
 244              		.global	_ZN7OnsetDF10setODFTypeEi
 245              		.syntax unified
 246              		.thumb
 247              		.thumb_func
 248              		.fpu fpv5-d16
 250              	_ZN7OnsetDF10setODFTypeEi:
 251              	.LVL18:
 252              	.LFB977:
  57:src/OnsetDF.cpp ****     odfType = type_;
 253              		.loc 1 57 1 is_stmt 1 view -0
 254              		.cfi_startproc
 255              		@ args = 0, pretend = 0, frame = 0
 256              		@ frame_needed = 0, uses_anonymous_args = 0
 257              		@ link register save eliminated.
  58:src/OnsetDF.cpp **** }
 258              		.loc 1 58 5 view .LVU58
  58:src/OnsetDF.cpp **** }
 259              		.loc 1 58 13 is_stmt 0 view .LVU59
 260 0000 0161     		str	r1, [r0, #16]
  59:src/OnsetDF.cpp **** //=================================
 261              		.loc 1 59 1 view .LVU60
 262 0002 7047     		bx	lr
 263              		.cfi_endproc
 264              	.LFE977:
 266              		.section	.text._ZN7OnsetDF14energyEnvelopeEv,"ax",%progbits
 267              		.align	1
 268              		.p2align 2,,3
 269              		.global	_ZN7OnsetDF14energyEnvelopeEv
 270              		.syntax unified
 271              		.thumb
 272              		.thumb_func
 273              		.fpu fpv5-d16
 275              	_ZN7OnsetDF14energyEnvelopeEv:
 276              	.LVL19:
 277              	.LFB978:
  62:src/OnsetDF.cpp ****     float sum = 0.0f;
 278              		.loc 1 62 1 is_stmt 1 view -0
 279              		.cfi_startproc
 280              		@ args = 0, pretend = 0, frame = 0
 281              		@ frame_needed = 0, uses_anonymous_args = 0
ARM GAS  C:\Users\Estudi\AppData\Local\Temp\ccJsWED4.s 			page 16


 282              		@ link register save eliminated.
  63:src/OnsetDF.cpp ****     for(int i = 0; i < framesize; i++)
 283              		.loc 1 63 5 view .LVU62
  64:src/OnsetDF.cpp ****     {
 284              		.loc 1 64 5 view .LVU63
 285              	.LBB72:
  64:src/OnsetDF.cpp ****     {
 286              		.loc 1 64 22 view .LVU64
  64:src/OnsetDF.cpp ****     {
 287              		.loc 1 64 24 is_stmt 0 view .LVU65
 288 0000 C268     		ldr	r2, [r0, #12]
  64:src/OnsetDF.cpp ****     {
 289              		.loc 1 64 22 view .LVU66
 290 0002 002A     		cmp	r2, #0
 291 0004 12DD     		ble	.L38
 292 0006 2030     		adds	r0, r0, #32
 293              	.LVL20:
  64:src/OnsetDF.cpp ****     {
 294              		.loc 1 64 13 view .LVU67
 295 0008 0023     		movs	r3, #0
 296              	.LBE72:
  63:src/OnsetDF.cpp ****     for(int i = 0; i < framesize; i++)
 297              		.loc 1 63 11 view .LVU68
 298 000a 9FED0D7A 		vldr.32	s14, .L43
 299              	.LVL21:
 300              	.L34:
 301              	.LBB73:
  66:src/OnsetDF.cpp ****     }
 302              		.loc 1 66 9 is_stmt 1 discriminator 2 view .LVU69
  64:src/OnsetDF.cpp ****     {
 303              		.loc 1 64 5 is_stmt 0 discriminator 2 view .LVU70
 304 000e 0133     		adds	r3, r3, #1
 305              	.LVL22:
  66:src/OnsetDF.cpp ****     }
 306              		.loc 1 66 25 discriminator 2 view .LVU71
 307 0010 F0EC017A 		vldmia.32	r0!, {s15}
  64:src/OnsetDF.cpp ****     {
 308              		.loc 1 64 22 discriminator 2 view .LVU72
 309 0014 9342     		cmp	r3, r2
  66:src/OnsetDF.cpp ****     }
 310              		.loc 1 66 13 discriminator 2 view .LVU73
 311 0016 A7EEA77A 		vfma.f32	s14, s15, s15
 312              	.LVL23:
  64:src/OnsetDF.cpp ****     {
 313              		.loc 1 64 5 is_stmt 1 discriminator 2 view .LVU74
  64:src/OnsetDF.cpp ****     {
 314              		.loc 1 64 22 discriminator 2 view .LVU75
 315 001a F8D1     		bne	.L34
 316              	.LBE73:
  68:src/OnsetDF.cpp **** }
 317              		.loc 1 68 5 view .LVU76
 318              	.LVL24:
 319              	.LBB74:
 320              	.LBI74:
 463:c:\program files\daisytoolchain\arm-none-eabi\include\c++\10.2.1\cmath ****   { return __builtin_sqrtf(__x); }
 321              		.loc 2 463 3 view .LVU77
 322              	.LBB75:
ARM GAS  C:\Users\Estudi\AppData\Local\Temp\ccJsWED4.s 			page 17


 323              		.loc 2 464 5 view .LVU78
 324 001c B5EE407A 		vcmp.f32	s14, #0
 325 0020 F1EE10FA 		vmrs	APSR_nzcv, FPSCR
 326 0024 07D4     		bmi	.L42
 327              		.loc 2 464 27 is_stmt 0 view .LVU79
 328 0026 B1EEC70A 		vsqrt.f32	s0, s14
 329              	.LBE75:
 330              	.LBE74:
  69:src/OnsetDF.cpp **** //=================================
 331              		.loc 1 69 1 view .LVU80
 332 002a 7047     		bx	lr
 333              	.LVL25:
 334              	.L38:
  63:src/OnsetDF.cpp ****     for(int i = 0; i < framesize; i++)
 335              		.loc 1 63 11 view .LVU81
 336 002c 9FED047A 		vldr.32	s14, .L43
 337              	.LVL26:
 338              	.LBB78:
 339              	.LBB76:
 340              		.loc 2 464 27 view .LVU82
 341 0030 B1EEC70A 		vsqrt.f32	s0, s14
 342              	.LBE76:
 343              	.LBE78:
  69:src/OnsetDF.cpp **** //=================================
 344              		.loc 1 69 1 view .LVU83
 345 0034 7047     		bx	lr
 346              	.LVL27:
 347              	.L42:
 348              	.LBB79:
 349              	.LBB77:
 350              		.loc 2 464 27 view .LVU84
 351 0036 B0EE470A 		vmov.f32	s0, s14
 352 003a FFF7FEBF 		b	sqrtf
 353              	.LVL28:
 354              	.L44:
 355              		.loc 2 464 27 view .LVU85
 356 003e 00BF     		.align	2
 357              	.L43:
 358 0040 00000000 		.word	0
 359              	.LBE77:
 360              	.LBE79:
 361              		.cfi_endproc
 362              	.LFE978:
 364              		.section	.text._ZN7OnsetDF16energyDifferenceEv,"ax",%progbits
 365              		.align	1
 366              		.p2align 2,,3
 367              		.global	_ZN7OnsetDF16energyDifferenceEv
 368              		.syntax unified
 369              		.thumb
 370              		.thumb_func
 371              		.fpu fpv5-d16
 373              	_ZN7OnsetDF16energyDifferenceEv:
 374              	.LVL29:
 375              	.LFB979:
  72:src/OnsetDF.cpp ****     float sum = 0.0f;
 376              		.loc 1 72 1 is_stmt 1 view -0
 377              		.cfi_startproc
ARM GAS  C:\Users\Estudi\AppData\Local\Temp\ccJsWED4.s 			page 18


 378              		@ args = 0, pretend = 0, frame = 0
 379              		@ frame_needed = 0, uses_anonymous_args = 0
 380              		@ link register save eliminated.
  73:src/OnsetDF.cpp ****     for(int i = 0; i < framesize; i++)
 381              		.loc 1 73 5 view .LVU87
  74:src/OnsetDF.cpp ****     {
 382              		.loc 1 74 5 view .LVU88
 383              	.LBB80:
  74:src/OnsetDF.cpp ****     {
 384              		.loc 1 74 22 view .LVU89
  74:src/OnsetDF.cpp ****     {
 385              		.loc 1 74 24 is_stmt 0 view .LVU90
 386 0000 C168     		ldr	r1, [r0, #12]
  74:src/OnsetDF.cpp ****     {
 387              		.loc 1 74 22 view .LVU91
 388 0002 0029     		cmp	r1, #0
 389 0004 19DD     		ble	.L50
 390 0006 00F12002 		add	r2, r0, #32
  74:src/OnsetDF.cpp ****     {
 391              		.loc 1 74 13 view .LVU92
 392 000a 0023     		movs	r3, #0
 393              	.LBE80:
  73:src/OnsetDF.cpp ****     for(int i = 0; i < framesize; i++)
 394              		.loc 1 73 11 view .LVU93
 395 000c 9FED0C0A 		vldr.32	s0, .L53
 396              	.LVL30:
 397              	.L47:
 398              	.LBB81:
  76:src/OnsetDF.cpp ****     }
 399              		.loc 1 76 9 is_stmt 1 discriminator 2 view .LVU94
  74:src/OnsetDF.cpp ****     {
 400              		.loc 1 74 5 is_stmt 0 discriminator 2 view .LVU95
 401 0010 0133     		adds	r3, r3, #1
 402              	.LVL31:
  76:src/OnsetDF.cpp ****     }
 403              		.loc 1 76 25 discriminator 2 view .LVU96
 404 0012 F2EC017A 		vldmia.32	r2!, {s15}
  74:src/OnsetDF.cpp ****     {
 405              		.loc 1 74 22 discriminator 2 view .LVU97
 406 0016 8B42     		cmp	r3, r1
  76:src/OnsetDF.cpp ****     }
 407              		.loc 1 76 13 discriminator 2 view .LVU98
 408 0018 A7EEA70A 		vfma.f32	s0, s15, s15
 409              	.LVL32:
  74:src/OnsetDF.cpp ****     {
 410              		.loc 1 74 5 is_stmt 1 discriminator 2 view .LVU99
  74:src/OnsetDF.cpp ****     {
 411              		.loc 1 74 22 discriminator 2 view .LVU100
 412 001c F8D1     		bne	.L47
 413              	.LVL33:
 414              	.L46:
  74:src/OnsetDF.cpp ****     {
 415              		.loc 1 74 22 is_stmt 0 discriminator 2 view .LVU101
 416              	.LBE81:
  78:src/OnsetDF.cpp ****     prevEnergySum = sum;
 417              		.loc 1 78 5 is_stmt 1 view .LVU102
  78:src/OnsetDF.cpp ****     prevEnergySum = sum;
ARM GAS  C:\Users\Estudi\AppData\Local\Temp\ccJsWED4.s 			page 19


 418              		.loc 1 78 11 is_stmt 0 view .LVU103
 419 001e D0ED077A 		vldr.32	s15, [r0, #28]
  79:src/OnsetDF.cpp ****     if (sample < 0.0f)
 420              		.loc 1 79 19 view .LVU104
 421 0022 80ED070A 		vstr.32	s0, [r0, #28]
  78:src/OnsetDF.cpp ****     prevEnergySum = sum;
 422              		.loc 1 78 11 view .LVU105
 423 0026 30EE670A 		vsub.f32	s0, s0, s15
 424              	.LVL34:
  79:src/OnsetDF.cpp ****     if (sample < 0.0f)
 425              		.loc 1 79 5 is_stmt 1 view .LVU106
 426              		.loc 1 80 5 view .LVU107
 427 002a B5EEC00A 		vcmpe.f32	s0, #0
 428 002e F1EE10FA 		vmrs	APSR_nzcv, FPSCR
  81:src/OnsetDF.cpp ****     {
  82:src/OnsetDF.cpp ****         sample = 0.0f;
 429              		.loc 1 82 16 is_stmt 0 view .LVU108
 430 0032 48BF     		it	mi
 431 0034 9FED020A 		vldrmi.32	s0, .L53
 432              	.LVL35:
  83:src/OnsetDF.cpp ****     }
  84:src/OnsetDF.cpp ****     return sample;
 433              		.loc 1 84 5 is_stmt 1 view .LVU109
  85:src/OnsetDF.cpp **** }
 434              		.loc 1 85 1 is_stmt 0 view .LVU110
 435 0038 7047     		bx	lr
 436              	.LVL36:
 437              	.L50:
  73:src/OnsetDF.cpp ****     for(int i = 0; i < framesize; i++)
 438              		.loc 1 73 11 view .LVU111
 439 003a 9FED010A 		vldr.32	s0, .L53
 440 003e EEE7     		b	.L46
 441              	.L54:
 442              		.align	2
 443              	.L53:
 444 0040 00000000 		.word	0
 445              		.cfi_endproc
 446              	.LFE979:
 448              		.section	.text._ZN7OnsetDF22calculateHammingWindowEv,"ax",%progbits
 449              		.align	1
 450              		.p2align 2,,3
 451              		.global	_ZN7OnsetDF22calculateHammingWindowEv
 452              		.syntax unified
 453              		.thumb
 454              		.thumb_func
 455              		.fpu fpv5-d16
 457              	_ZN7OnsetDF22calculateHammingWindowEv:
 458              	.LVL37:
 459              	.LFB980:
  86:src/OnsetDF.cpp **** //=================================
  87:src/OnsetDF.cpp **** void OnsetDF::calculateHammingWindow()
  88:src/OnsetDF.cpp **** {
 460              		.loc 1 88 1 is_stmt 1 view -0
 461              		.cfi_startproc
 462              		@ args = 0, pretend = 0, frame = 0
 463              		@ frame_needed = 0, uses_anonymous_args = 0
  89:src/OnsetDF.cpp ****     float N = framesize - 1.0f;
ARM GAS  C:\Users\Estudi\AppData\Local\Temp\ccJsWED4.s 			page 20


 464              		.loc 1 89 5 view .LVU113
  88:src/OnsetDF.cpp ****     float N = framesize - 1.0f;
 465              		.loc 1 88 1 is_stmt 0 view .LVU114
 466 0000 70B5     		push	{r4, r5, r6, lr}
 467              		.cfi_def_cfa_offset 16
 468              		.cfi_offset 4, -16
 469              		.cfi_offset 5, -12
 470              		.cfi_offset 6, -8
 471              		.cfi_offset 14, -4
 472              		.loc 1 89 15 view .LVU115
 473 0002 C668     		ldr	r6, [r0, #12]
 474              		.loc 1 89 11 view .LVU116
 475 0004 F7EE007A 		vmov.f32	s15, #1.0e+0
 476              		.loc 1 89 25 view .LVU117
 477 0008 07EE106A 		vmov	s14, r6	@ int
 478              	.LBB82:
  90:src/OnsetDF.cpp ****     float n_val = 0.0f;
  91:src/OnsetDF.cpp ****     for(int i = 0; i < framesize; i++)
 479              		.loc 1 91 22 view .LVU118
 480 000c 002E     		cmp	r6, #0
 481              	.LBE82:
  88:src/OnsetDF.cpp ****     float N = framesize - 1.0f;
 482              		.loc 1 88 1 view .LVU119
 483 000e 2DED048B 		vpush.64	{d8, d9}
 484              		.cfi_def_cfa_offset 32
 485              		.cfi_offset 80, -32
 486              		.cfi_offset 81, -28
 487              		.cfi_offset 82, -24
 488              		.cfi_offset 83, -20
  89:src/OnsetDF.cpp ****     float n_val = 0.0f;
 489              		.loc 1 89 25 view .LVU120
 490 0012 F8EEC79A 		vcvt.f32.s32	s19, s14
  89:src/OnsetDF.cpp ****     float n_val = 0.0f;
 491              		.loc 1 89 11 view .LVU121
 492 0016 79EEE79A 		vsub.f32	s19, s19, s15
 493              	.LVL38:
  90:src/OnsetDF.cpp ****     float n_val = 0.0f;
 494              		.loc 1 90 5 is_stmt 1 view .LVU122
 495              		.loc 1 91 5 view .LVU123
 496              	.LBB83:
 497              		.loc 1 91 22 view .LVU124
 498 001a 21DD     		ble	.L55
 499 001c 00F58155 		add	r5, r0, #4128
 500              		.loc 1 91 13 is_stmt 0 view .LVU125
 501 0020 0024     		movs	r4, #0
 502              	.LBE83:
  90:src/OnsetDF.cpp ****     float n_val = 0.0f;
 503              		.loc 1 90 11 view .LVU126
 504 0022 9FED159A 		vldr.32	s18, .L60+16
 505              	.LBB84:
  92:src/OnsetDF.cpp ****     {
  93:src/OnsetDF.cpp ****         window[i] = 0.54f - 0.46f * cos(2.0f * pi * (n_val / N));
 506              		.loc 1 93 46 view .LVU127
 507 0026 90ED008B 		vldr.64	d8, [r0]
 508 002a 38EE088B 		vadd.f64	d8, d8, d8
 509              	.LVL39:
 510              	.L57:
ARM GAS  C:\Users\Estudi\AppData\Local\Temp\ccJsWED4.s 			page 21


 511              		.loc 1 93 9 is_stmt 1 discriminator 2 view .LVU128
 512              		.loc 1 93 60 is_stmt 0 discriminator 2 view .LVU129
 513 002e 89EE290A 		vdiv.f32	s0, s18, s19
  91:src/OnsetDF.cpp ****     {
 514              		.loc 1 91 5 discriminator 2 view .LVU130
 515 0032 0134     		adds	r4, r4, #1
 516              	.LVL40:
 517              		.loc 1 93 60 discriminator 2 view .LVU131
 518 0034 B7EEC00A 		vcvt.f64.f32	d0, s0
 519              		.loc 1 93 40 discriminator 2 view .LVU132
 520 0038 20EE080B 		vmul.f64	d0, d0, d8
 521 003c FFF7FEFF 		bl	cos
 522              	.LVL41:
  91:src/OnsetDF.cpp ****     {
 523              		.loc 1 91 22 discriminator 2 view .LVU133
 524 0040 A642     		cmp	r6, r4
  94:src/OnsetDF.cpp ****         n_val += 1.0f;
 525              		.loc 1 94 15 discriminator 2 view .LVU134
 526 0042 F7EE006A 		vmov.f32	s13, #1.0e+0
  93:src/OnsetDF.cpp ****         n_val += 1.0f;
 527              		.loc 1 93 27 discriminator 2 view .LVU135
 528 0046 9FED085B 		vldr.64	d5, .L60
 529 004a 9FED097B 		vldr.64	d7, .L60+8
 530              		.loc 1 94 15 discriminator 2 view .LVU136
 531 004e 39EE269A 		vadd.f32	s18, s18, s13
 532              	.LVL42:
  93:src/OnsetDF.cpp ****         n_val += 1.0f;
 533              		.loc 1 93 27 discriminator 2 view .LVU137
 534 0052 A0EE457B 		vfms.f64	d7, d0, d5
 535 0056 B7EEC77B 		vcvt.f32.f64	s14, d7
 536 005a A5EC017A 		vstmia.32	r5!, {s14}
 537              		.loc 1 94 9 is_stmt 1 discriminator 2 view .LVU138
 538              	.LVL43:
  91:src/OnsetDF.cpp ****     {
 539              		.loc 1 91 5 discriminator 2 view .LVU139
  91:src/OnsetDF.cpp ****     {
 540              		.loc 1 91 22 discriminator 2 view .LVU140
 541 005e E6D1     		bne	.L57
 542              	.LVL44:
 543              	.L55:
  91:src/OnsetDF.cpp ****     {
 544              		.loc 1 91 22 is_stmt 0 discriminator 2 view .LVU141
 545              	.LBE84:
  95:src/OnsetDF.cpp ****     }
  96:src/OnsetDF.cpp **** }
 546              		.loc 1 96 1 view .LVU142
 547 0060 BDEC048B 		vldm	sp!, {d8-d9}
 548              		.cfi_restore 82
 549              		.cfi_restore 83
 550              		.cfi_restore 80
 551              		.cfi_restore 81
 552              		.cfi_def_cfa_offset 16
 553 0064 70BD     		pop	{r4, r5, r6, pc}
 554              	.L61:
 555 0066 00BF     		.align	3
 556              	.L60:
 557 0068 000000E0 		.word	-536870912
ARM GAS  C:\Users\Estudi\AppData\Local\Temp\ccJsWED4.s 			page 22


 558 006c A370DD3F 		.word	1071476899
 559 0070 00000020 		.word	536870912
 560 0074 AE47E13F 		.word	1071728558
 561 0078 00000000 		.word	0
 562              		.cfi_endproc
 563              	.LFE980:
 565              		.section	.text._ZN7OnsetDF22calculateHanningWindowEv,"ax",%progbits
 566              		.align	1
 567              		.p2align 2,,3
 568              		.global	_ZN7OnsetDF22calculateHanningWindowEv
 569              		.syntax unified
 570              		.thumb
 571              		.thumb_func
 572              		.fpu fpv5-d16
 574              	_ZN7OnsetDF22calculateHanningWindowEv:
 575              	.LVL45:
 576              	.LFB981:
  97:src/OnsetDF.cpp **** //=================================
  98:src/OnsetDF.cpp **** void OnsetDF::calculateHanningWindow()
  99:src/OnsetDF.cpp **** {
 577              		.loc 1 99 1 is_stmt 1 view -0
 578              		.cfi_startproc
 579              		@ args = 0, pretend = 0, frame = 0
 580              		@ frame_needed = 0, uses_anonymous_args = 0
 100:src/OnsetDF.cpp ****     float N = framesize - 1.0f;
 581              		.loc 1 100 5 view .LVU144
  99:src/OnsetDF.cpp ****     float N = framesize - 1.0f;
 582              		.loc 1 99 1 is_stmt 0 view .LVU145
 583 0000 70B5     		push	{r4, r5, r6, lr}
 584              		.cfi_def_cfa_offset 16
 585              		.cfi_offset 4, -16
 586              		.cfi_offset 5, -12
 587              		.cfi_offset 6, -8
 588              		.cfi_offset 14, -4
 589              		.loc 1 100 15 view .LVU146
 590 0002 C668     		ldr	r6, [r0, #12]
 591              		.loc 1 100 11 view .LVU147
 592 0004 F7EE007A 		vmov.f32	s15, #1.0e+0
 593              		.loc 1 100 25 view .LVU148
 594 0008 07EE106A 		vmov	s14, r6	@ int
 595              	.LBB85:
 101:src/OnsetDF.cpp ****     for(int i = 0; i < framesize; i++)
 596              		.loc 1 101 22 view .LVU149
 597 000c 002E     		cmp	r6, #0
 598              	.LBE85:
  99:src/OnsetDF.cpp ****     float N = framesize - 1.0f;
 599              		.loc 1 99 1 view .LVU150
 600 000e 2DED048B 		vpush.64	{d8, d9}
 601              		.cfi_def_cfa_offset 32
 602              		.cfi_offset 80, -32
 603              		.cfi_offset 81, -28
 604              		.cfi_offset 82, -24
 605              		.cfi_offset 83, -20
 100:src/OnsetDF.cpp ****     float N = framesize - 1.0f;
 606              		.loc 1 100 25 view .LVU151
 607 0012 B8EEC79A 		vcvt.f32.s32	s18, s14
 100:src/OnsetDF.cpp ****     float N = framesize - 1.0f;
ARM GAS  C:\Users\Estudi\AppData\Local\Temp\ccJsWED4.s 			page 23


 608              		.loc 1 100 11 view .LVU152
 609 0016 39EE679A 		vsub.f32	s18, s18, s15
 610              	.LVL46:
 611              		.loc 1 101 5 is_stmt 1 view .LVU153
 612              	.LBB86:
 613              		.loc 1 101 22 view .LVU154
 614 001a 21DD     		ble	.L62
 615 001c 00F58155 		add	r5, r0, #4128
 616              		.loc 1 101 13 is_stmt 0 view .LVU155
 617 0020 0024     		movs	r4, #0
 102:src/OnsetDF.cpp ****     {
 103:src/OnsetDF.cpp ****         window[i] = 0.5f * (1.0f - cos(2.0f * pi * (i / N)));
 618              		.loc 1 103 45 view .LVU156
 619 0022 90ED008B 		vldr.64	d8, [r0]
 620 0026 38EE088B 		vadd.f64	d8, d8, d8
 621              	.LVL47:
 622              	.L64:
 623              		.loc 1 103 9 is_stmt 1 discriminator 2 view .LVU157
 624              		.loc 1 103 55 is_stmt 0 discriminator 2 view .LVU158
 625 002a 07EE904A 		vmov	s15, r4	@ int
 101:src/OnsetDF.cpp ****     for(int i = 0; i < framesize; i++)
 626              		.loc 1 101 5 discriminator 2 view .LVU159
 627 002e 0134     		adds	r4, r4, #1
 628              	.LVL48:
 629              		.loc 1 103 55 discriminator 2 view .LVU160
 630 0030 F8EEE77A 		vcvt.f32.s32	s15, s15
 631              	.LVL49:
 632              		.loc 1 103 55 discriminator 2 view .LVU161
 633 0034 87EE890A 		vdiv.f32	s0, s15, s18
 634 0038 B7EEC00A 		vcvt.f64.f32	d0, s0
 635              		.loc 1 103 39 discriminator 2 view .LVU162
 636 003c 20EE080B 		vmul.f64	d0, d0, d8
 637 0040 FFF7FEFF 		bl	cos
 638              	.LVL50:
 101:src/OnsetDF.cpp ****     for(int i = 0; i < framesize; i++)
 639              		.loc 1 101 22 discriminator 2 view .LVU163
 640 0044 A642     		cmp	r6, r4
 641              		.loc 1 103 34 discriminator 2 view .LVU164
 642 0046 B7EE007B 		vmov.f64	d7, #1.0e+0
 643              		.loc 1 103 26 discriminator 2 view .LVU165
 644 004a B6EE006B 		vmov.f64	d6, #5.0e-1
 645              		.loc 1 103 34 discriminator 2 view .LVU166
 646 004e 37EE400B 		vsub.f64	d0, d7, d0
 647              		.loc 1 103 26 discriminator 2 view .LVU167
 648 0052 20EE060B 		vmul.f64	d0, d0, d6
 649 0056 B7EEC00B 		vcvt.f32.f64	s0, d0
 650 005a A5EC010A 		vstmia.32	r5!, {s0}
 101:src/OnsetDF.cpp ****     for(int i = 0; i < framesize; i++)
 651              		.loc 1 101 5 is_stmt 1 discriminator 2 view .LVU168
 652              	.LVL51:
 101:src/OnsetDF.cpp ****     for(int i = 0; i < framesize; i++)
 653              		.loc 1 101 22 discriminator 2 view .LVU169
 654 005e E4D1     		bne	.L64
 655              	.LVL52:
 656              	.L62:
 101:src/OnsetDF.cpp ****     for(int i = 0; i < framesize; i++)
 657              		.loc 1 101 22 is_stmt 0 discriminator 2 view .LVU170
ARM GAS  C:\Users\Estudi\AppData\Local\Temp\ccJsWED4.s 			page 24


 658              	.LBE86:
 104:src/OnsetDF.cpp ****     }
 105:src/OnsetDF.cpp **** }...
 659              		.loc 1 105 1 view .LVU171
 660 0060 BDEC048B 		vldm	sp!, {d8-d9}
 661              		.cfi_restore 82
 662              		.cfi_restore 83
 663              		.cfi_restore 80
 664              		.cfi_restore 81
 665              		.cfi_def_cfa_offset 16
 666              	.LVL53:
 667              		.loc 1 105 1 view .LVU172
 668 0064 70BD     		pop	{r4, r5, r6, pc}
 669              		.loc 1 105 1 view .LVU173
 670              		.cfi_endproc
 671              	.LFE981:
 673 0066 00BF     		.section	.text._ZN7OnsetDF10initialiseEii,"ax",%progbits
 674              		.align	1
 675              		.p2align 2,,3
 676              		.global	_ZN7OnsetDF10initialiseEii
 677              		.syntax unified
 678              		.thumb
 679              		.thumb_func
 680              		.fpu fpv5-d16
 682              	_ZN7OnsetDF10initialiseEii:
 683              	.LVL54:
 684              	.LFB975:
  13:src/OnsetDF.cpp **** {
 685              		.loc 1 13 1 is_stmt 1 view -0
 686              		.cfi_startproc
 687              		@ args = 0, pretend = 0, frame = 0
 688              		@ frame_needed = 0, uses_anonymous_args = 0
 689              		@ link register save eliminated.
  14:src/OnsetDF.cpp ****     odfType = type_;
 690              		.loc 1 14 5 view .LVU175
  16:src/OnsetDF.cpp ****     initialised = true;
 691              		.loc 1 16 17 is_stmt 0 view .LVU176
 692 0000 4FF0010C 		mov	ip, #1
  15:src/OnsetDF.cpp ****     windowType = wtype_;
 693              		.loc 1 15 16 view .LVU177
 694 0004 C0E90412 		strd	r1, r2, [r0, #16]
  16:src/OnsetDF.cpp ****     initialised = true;
 695              		.loc 1 16 5 is_stmt 1 view .LVU178
  16:src/OnsetDF.cpp ****     initialised = true;
 696              		.loc 1 16 17 is_stmt 0 view .LVU179
 697 0008 80F818C0 		strb	ip, [r0, #24]
  18:src/OnsetDF.cpp ****     switch(windowType)
 698              		.loc 1 18 5 is_stmt 1 view .LVU180
 699 000c 1AB1     		cbz	r2, .L68
 700 000e 6245     		cmp	r2, ip
 701 0010 03D1     		bne	.L67
  20:src/OnsetDF.cpp ****         case Hanning:
 702              		.loc 1 20 9 view .LVU181
  21:src/OnsetDF.cpp ****             calculateHanningWindow();
 703              		.loc 1 21 13 view .LVU182
  21:src/OnsetDF.cpp ****             calculateHanningWindow();
 704              		.loc 1 21 35 is_stmt 0 view .LVU183
ARM GAS  C:\Users\Estudi\AppData\Local\Temp\ccJsWED4.s 			page 25


 705 0012 FFF7FEBF 		b	_ZN7OnsetDF22calculateHanningWindowEv
 706              	.LVL55:
 707              	.L68:
  23:src/OnsetDF.cpp ****         case Hamming:
 708              		.loc 1 23 9 is_stmt 1 view .LVU184
  24:src/OnsetDF.cpp ****             calculateHammingWindow();
 709              		.loc 1 24 13 view .LVU185
  24:src/OnsetDF.cpp ****             calculateHammingWindow();
 710              		.loc 1 24 35 is_stmt 0 view .LVU186
 711 0016 FFF7FEBF 		b	_ZN7OnsetDF22calculateHammingWindowEv
 712              	.LVL56:
 713              	.L67:
  29:src/OnsetDF.cpp **** }
 714              		.loc 1 29 1 view .LVU187
 715 001a 7047     		bx	lr
 716              		.cfi_endproc
 717              	.LFE975:
 719              		.section	.text._ZN7OnsetDFC2Eii,"ax",%progbits
 720              		.align	1
 721              		.p2align 2,,3
 722              		.global	_ZN7OnsetDFC2Eii
 723              		.syntax unified
 724              		.thumb
 725              		.thumb_func
 726              		.fpu fpv5-d16
 728              	_ZN7OnsetDFC2Eii:
 729              	.LVL57:
 730              	.LFB973:
   5:src/OnsetDF.cpp **** OnsetDF::OnsetDF(int type_, int wtype_)
 731              		.loc 1 5 1 is_stmt 1 view -0
 732              		.cfi_startproc
 733              		@ args = 0, pretend = 0, frame = 0
 734              		@ frame_needed = 0, uses_anonymous_args = 0
 735              	.LBB90:
   5:src/OnsetDF.cpp **** OnsetDF::OnsetDF(int type_, int wtype_)
 736              		.loc 1 5 39 is_stmt 0 view .LVU189
 737 0000 4FF40073 		mov	r3, #512
   8:src/OnsetDF.cpp ****     pi = 3.14159265358979323846264338327950288;
 738              		.loc 1 8 8 view .LVU190
 739 0004 9FED0C7B 		vldr.64	d7, .L74
 740              	.LBE90:
   5:src/OnsetDF.cpp **** OnsetDF::OnsetDF(int type_, int wtype_)
 741              		.loc 1 5 1 view .LVU191
 742 0008 10B5     		push	{r4, lr}
 743              		.cfi_def_cfa_offset 8
 744              		.cfi_offset 4, -8
 745              		.cfi_offset 14, -4
 746              	.LBB99:
 747              	.LBB91:
 748              	.LBB92:
  14:src/OnsetDF.cpp ****     odfType = type_;
 749              		.loc 1 14 13 view .LVU192
 750 000a 0161     		str	r1, [r0, #16]
  16:src/OnsetDF.cpp ****     initialised = true;
 751              		.loc 1 16 17 view .LVU193
 752 000c 0121     		movs	r1, #1
 753              	.LVL58:
ARM GAS  C:\Users\Estudi\AppData\Local\Temp\ccJsWED4.s 			page 26


  16:src/OnsetDF.cpp ****     initialised = true;
 754              		.loc 1 16 17 view .LVU194
 755              	.LBE92:
 756              	.LBE91:
   5:src/OnsetDF.cpp **** OnsetDF::OnsetDF(int type_, int wtype_)
 757              		.loc 1 5 39 view .LVU195
 758 000e 8360     		str	r3, [r0, #8]
 759 0010 4FF48063 		mov	r3, #1024
 760              	.LBE99:
   5:src/OnsetDF.cpp **** OnsetDF::OnsetDF(int type_, int wtype_)
 761              		.loc 1 5 1 view .LVU196
 762 0014 0446     		mov	r4, r0
 763              	.LBB100:
 764              	.LBB96:
 765              	.LBB93:
  15:src/OnsetDF.cpp ****     windowType = wtype_;
 766              		.loc 1 15 16 view .LVU197
 767 0016 4261     		str	r2, [r0, #20]
  16:src/OnsetDF.cpp ****     initialised = true;
 768              		.loc 1 16 17 view .LVU198
 769 0018 0176     		strb	r1, [r0, #24]
 770              	.LBE93:
 771              	.LBE96:
   5:src/OnsetDF.cpp **** OnsetDF::OnsetDF(int type_, int wtype_)
 772              		.loc 1 5 39 view .LVU199
 773 001a C360     		str	r3, [r0, #12]
   7:src/OnsetDF.cpp ****     initialised = false;
 774              		.loc 1 7 5 is_stmt 1 view .LVU200
   8:src/OnsetDF.cpp ****     pi = 3.14159265358979323846264338327950288;
 775              		.loc 1 8 5 view .LVU201
   8:src/OnsetDF.cpp ****     pi = 3.14159265358979323846264338327950288;
 776              		.loc 1 8 8 is_stmt 0 view .LVU202
 777 001c 80ED007B 		vstr.64	d7, [r0]
   9:src/OnsetDF.cpp ****     initialise(type_, wtype_);
 778              		.loc 1 9 5 is_stmt 1 view .LVU203
 779              	.LVL59:
 780              	.LBB97:
 781              	.LBI91:
  12:src/OnsetDF.cpp **** void OnsetDF::initialise(int type_, int wtype_)
 782              		.loc 1 12 6 view .LVU204
 783              	.LBB94:
  14:src/OnsetDF.cpp ****     odfType = type_;
 784              		.loc 1 14 5 view .LVU205
  15:src/OnsetDF.cpp ****     windowType = wtype_;
 785              		.loc 1 15 5 view .LVU206
  16:src/OnsetDF.cpp ****     initialised = true;
 786              		.loc 1 16 5 view .LVU207
  18:src/OnsetDF.cpp ****     switch(windowType)
 787              		.loc 1 18 5 view .LVU208
 788 0020 2AB1     		cbz	r2, .L71
 789 0022 8A42     		cmp	r2, r1
 790 0024 01D1     		bne	.L72
  20:src/OnsetDF.cpp ****         case Hanning:
 791              		.loc 1 20 9 view .LVU209
  21:src/OnsetDF.cpp ****             calculateHanningWindow();
 792              		.loc 1 21 13 view .LVU210
  21:src/OnsetDF.cpp ****             calculateHanningWindow();
ARM GAS  C:\Users\Estudi\AppData\Local\Temp\ccJsWED4.s 			page 27


 793              		.loc 1 21 35 is_stmt 0 view .LVU211
 794 0026 FFF7FEFF 		bl	_ZN7OnsetDF22calculateHanningWindowEv
 795              	.LVL60:
  22:src/OnsetDF.cpp ****             break;
 796              		.loc 1 22 13 is_stmt 1 view .LVU212
 797              	.L72:
  22:src/OnsetDF.cpp ****             break;
 798              		.loc 1 22 13 is_stmt 0 view .LVU213
 799              	.LBE94:
 800              	.LBE97:
 801              	.LBE100:
  10:src/OnsetDF.cpp **** }
 802              		.loc 1 10 1 view .LVU214
 803 002a 2046     		mov	r0, r4
 804 002c 10BD     		pop	{r4, pc}
 805              	.LVL61:
 806              	.L71:
 807              	.LBB101:
 808              	.LBB98:
 809              	.LBB95:
  23:src/OnsetDF.cpp ****         case Hamming:
 810              		.loc 1 23 9 is_stmt 1 view .LVU215
  24:src/OnsetDF.cpp ****             calculateHammingWindow();
 811              		.loc 1 24 13 view .LVU216
  24:src/OnsetDF.cpp ****             calculateHammingWindow();
 812              		.loc 1 24 35 is_stmt 0 view .LVU217
 813 002e FFF7FEFF 		bl	_ZN7OnsetDF22calculateHammingWindowEv
 814              	.LVL62:
  25:src/OnsetDF.cpp ****             break;
 815              		.loc 1 25 13 is_stmt 1 view .LVU218
  25:src/OnsetDF.cpp ****             break;
 816              		.loc 1 25 13 is_stmt 0 view .LVU219
 817              	.LBE95:
 818              	.LBE98:
 819              	.LBE101:
  10:src/OnsetDF.cpp **** }
 820              		.loc 1 10 1 view .LVU220
 821 0032 2046     		mov	r0, r4
 822 0034 10BD     		pop	{r4, pc}
 823              	.LVL63:
 824              	.L75:
  10:src/OnsetDF.cpp **** }
 825              		.loc 1 10 1 view .LVU221
 826 0036 00BF     		.align	3
 827              	.L74:
 828 0038 182D4454 		.word	1413754136
 829 003c FB210940 		.word	1074340347
 830              		.cfi_endproc
 831              	.LFE973:
 833              		.global	_ZN7OnsetDFC1Eii
 834              		.thumb_set _ZN7OnsetDFC1Eii,_ZN7OnsetDFC2Eii
 835              		.text
 836              	.Letext0:
 837              		.file 3 "c:\\program files\\daisytoolchain\\arm-none-eabi\\include\\c++\\10.2.1\\bits\\std_abs.h"
 838              		.file 4 "c:\\program files\\daisytoolchain\\arm-none-eabi\\include\\c++\\10.2.1\\type_traits"
 839              		.file 5 "c:\\program files\\daisytoolchain\\arm-none-eabi\\include\\c++\\10.2.1\\debug\\debug.h"
 840              		.file 6 "c:\\program files\\daisytoolchain\\arm-none-eabi\\include\\c++\\10.2.1\\bits\\stl_pair.h"
ARM GAS  C:\Users\Estudi\AppData\Local\Temp\ccJsWED4.s 			page 28


 841              		.file 7 "c:\\program files\\daisytoolchain\\arm-none-eabi\\include\\c++\\10.2.1\\array"
 842              		.file 8 "c:\\program files\\daisytoolchain\\arm-none-eabi\\include\\c++\\10.2.1\\arm-none-eabi\\th
 843              		.file 9 "c:\\program files\\daisytoolchain\\arm-none-eabi\\include\\c++\\10.2.1\\bits\\predefined_
 844              		.file 10 "c:\\program files\\daisytoolchain\\arm-none-eabi\\include\\math.h"
 845              		.file 11 "c:\\program files\\daisytoolchain\\arm-none-eabi\\include\\c++\\10.2.1\\math.h"
 846              		.file 12 "src/OnsetDF.h"
 847              		.file 13 "<built-in>"
ARM GAS  C:\Users\Estudi\AppData\Local\Temp\ccJsWED4.s 			page 29


DEFINED SYMBOLS
                            *ABS*:00000000 OnsetDF.cpp
C:\Users\Estudi\AppData\Local\Temp\ccJsWED4.s:17     .text._ZN7OnsetDF18calculateODFSampleEPf:00000000 $t
C:\Users\Estudi\AppData\Local\Temp\ccJsWED4.s:26     .text._ZN7OnsetDF18calculateODFSampleEPf:00000000 _ZN7OnsetDF18calculateODFSampleEPf
C:\Users\Estudi\AppData\Local\Temp\ccJsWED4.s:233    .text._ZN7OnsetDF18calculateODFSampleEPf:000000ac $d
C:\Users\Estudi\AppData\Local\Temp\ccJsWED4.s:242    .text._ZN7OnsetDF10setODFTypeEi:00000000 $t
C:\Users\Estudi\AppData\Local\Temp\ccJsWED4.s:250    .text._ZN7OnsetDF10setODFTypeEi:00000000 _ZN7OnsetDF10setODFTypeEi
C:\Users\Estudi\AppData\Local\Temp\ccJsWED4.s:267    .text._ZN7OnsetDF14energyEnvelopeEv:00000000 $t
C:\Users\Estudi\AppData\Local\Temp\ccJsWED4.s:275    .text._ZN7OnsetDF14energyEnvelopeEv:00000000 _ZN7OnsetDF14energyEnvelopeEv
C:\Users\Estudi\AppData\Local\Temp\ccJsWED4.s:358    .text._ZN7OnsetDF14energyEnvelopeEv:00000040 $d
C:\Users\Estudi\AppData\Local\Temp\ccJsWED4.s:365    .text._ZN7OnsetDF16energyDifferenceEv:00000000 $t
C:\Users\Estudi\AppData\Local\Temp\ccJsWED4.s:373    .text._ZN7OnsetDF16energyDifferenceEv:00000000 _ZN7OnsetDF16energyDifferenceEv
C:\Users\Estudi\AppData\Local\Temp\ccJsWED4.s:444    .text._ZN7OnsetDF16energyDifferenceEv:00000040 $d
C:\Users\Estudi\AppData\Local\Temp\ccJsWED4.s:449    .text._ZN7OnsetDF22calculateHammingWindowEv:00000000 $t
C:\Users\Estudi\AppData\Local\Temp\ccJsWED4.s:457    .text._ZN7OnsetDF22calculateHammingWindowEv:00000000 _ZN7OnsetDF22calculateHammingWindowEv
C:\Users\Estudi\AppData\Local\Temp\ccJsWED4.s:557    .text._ZN7OnsetDF22calculateHammingWindowEv:00000068 $d
C:\Users\Estudi\AppData\Local\Temp\ccJsWED4.s:566    .text._ZN7OnsetDF22calculateHanningWindowEv:00000000 $t
C:\Users\Estudi\AppData\Local\Temp\ccJsWED4.s:574    .text._ZN7OnsetDF22calculateHanningWindowEv:00000000 _ZN7OnsetDF22calculateHanningWindowEv
C:\Users\Estudi\AppData\Local\Temp\ccJsWED4.s:674    .text._ZN7OnsetDF10initialiseEii:00000000 $t
C:\Users\Estudi\AppData\Local\Temp\ccJsWED4.s:682    .text._ZN7OnsetDF10initialiseEii:00000000 _ZN7OnsetDF10initialiseEii
C:\Users\Estudi\AppData\Local\Temp\ccJsWED4.s:720    .text._ZN7OnsetDFC2Eii:00000000 $t
C:\Users\Estudi\AppData\Local\Temp\ccJsWED4.s:728    .text._ZN7OnsetDFC2Eii:00000000 _ZN7OnsetDFC2Eii
C:\Users\Estudi\AppData\Local\Temp\ccJsWED4.s:828    .text._ZN7OnsetDFC2Eii:00000038 $d
C:\Users\Estudi\AppData\Local\Temp\ccJsWED4.s:728    .text._ZN7OnsetDFC2Eii:00000000 _ZN7OnsetDFC1Eii

UNDEFINED SYMBOLS
sqrtf
cos
